#
# There is insufficient memory for the Java Runtime Environment to continue.
# Native memory allocation (mmap) failed to map 117440512 bytes for G1 virtual space
# Possible reasons:
#   The system is out of physical RAM or swap space
#   The process is running with CompressedOops enabled, and the Java Heap may be blocking the growth of the native heap
# Possible solutions:
#   Reduce memory load on the system
#   Increase physical memory or swap space
#   Check if swap backing store is full
#   Decrease Java heap size (-Xmx/-Xms)
#   Decrease number of Java threads
#   Decrease Java thread stack sizes (-Xss)
#   Set larger code cache with -XX:ReservedCodeCacheSize=
#   JVM is running with Unscaled Compressed Oops mode in which the Java heap is
#     placed in the first 4GB address space. The Java Heap base address is the
#     maximum limit for the native heap growth. Please use -XX:HeapBaseMinAddress
#     to set the Java Heap base and to place the Java Heap above 4GB virtual address.
# This output file may be truncated or incomplete.
#
#  Out of Memory Error (os_windows.cpp:3825), pid=12208, tid=14148
#
# JRE version: OpenJDK Runtime Environment (17.0.9) (build 17.0.9+0--11185874)
# Java VM: OpenJDK 64-Bit Server VM (17.0.9+0--11185874, mixed mode, tiered, compressed oops, compressed class ptrs, g1 gc, windows-amd64)
# No core dump will be written. Minidumps are not enabled by default on client versions of Windows
#

---------------  S U M M A R Y ------------

Command Line: org.jetbrains.kotlin.cli.jvm.K2JVMCompiler @C:\Users\MacBook Air\AndroidStudioProjects\VideoPlayerApplication\app\build\20240411_10359431332643202775.compiler.options

Host: Intel(R) Core(TM) i5-5250U CPU @ 1.60GHz, 4 cores, 3G,  Windows 10 , 64 bit Build 19041 (10.0.19041.1023)
Time: Thu Apr 11 20:43:08 2024 RTZ 2 (s 10 , 64 bit Build 19041 (10.0.19041.1023) elapsed time: 6.670566 seconds (0d 0h 0m 6s)

---------------  T H R E A D  ---------------

Current thread (0x00000251fe109010):  VMThread "VM Thread" [stack: 0x000000e867e00000,0x000000e867f00000] [id=14148]

Stack: [0x000000e867e00000,0x000000e867f00000]
Native frames: (J=compiled Java code, j=interpreted, Vv=VM code, C=native code)
V  [jvm.dll+0x6886e9]
V  [jvm.dll+0x841e4a]
V  [jvm.dll+0x843a8e]
V  [jvm.dll+0x8440f3]
V  [jvm.dll+0x24c14f]
V  [jvm.dll+0x685499]
V  [jvm.dll+0x679c2a]
V  [jvm.dll+0x30cf9b]
V  [jvm.dll+0x314446]
V  [jvm.dll+0x36425e]
V  [jvm.dll+0x36448f]
V  [jvm.dll+0x2e2d68]
V  [jvm.dll+0x2e0f44]
V  [jvm.dll+0x2e054c]
V  [jvm.dll+0x3253fb]
V  [jvm.dll+0x8487eb]
V  [jvm.dll+0x849531]
V  [jvm.dll+0x849a4d]
V  [jvm.dll+0x849e24]
V  [jvm.dll+0x849ef0]
V  [jvm.dll+0x7f06aa]
V  [jvm.dll+0x687565]
C  [ucrtbase.dll+0x21bb2]
C  [KERNEL32.DLL+0x17034]
C  [ntdll.dll+0x52651]

VM_Operation (0x000000e8678f7a00): G1CollectForAllocation, mode: safepoint, requested by thread 0x00000251e5345b10


---------------  P R O C E S S  ---------------

Threads class SMR info:
_java_thread_list=0x00000251ffc00890, length=12, elements={
0x00000251e5345b10, 0x00000251fe1440e0, 0x00000251fe146e80, 0x00000251fe1abae0,
0x00000251fe1ac6a0, 0x00000251fe1af170, 0x00000251fe1b0b40, 0x00000251fe1b4de0,
0x00000251fe1bd8a0, 0x00000251fe1c02b0, 0x00000251fe5851a0, 0x00000251fe58e370
}

Java Threads: ( => current thread )
  0x00000251e5345b10 JavaThread "main" [_thread_blocked, id=12684, stack(0x000000e867800000,0x000000e867900000)]
  0x00000251fe1440e0 JavaThread "Reference Handler" daemon [_thread_blocked, id=2416, stack(0x000000e867f00000,0x000000e868000000)]
  0x00000251fe146e80 JavaThread "Finalizer" daemon [_thread_blocked, id=11096, stack(0x000000e868000000,0x000000e868100000)]
  0x00000251fe1abae0 JavaThread "Signal Dispatcher" daemon [_thread_blocked, id=13280, stack(0x000000e868100000,0x000000e868200000)]
  0x00000251fe1ac6a0 JavaThread "Attach Listener" daemon [_thread_blocked, id=10536, stack(0x000000e868200000,0x000000e868300000)]
  0x00000251fe1af170 JavaThread "Service Thread" daemon [_thread_blocked, id=7960, stack(0x000000e868300000,0x000000e868400000)]
  0x00000251fe1b0b40 JavaThread "Monitor Deflation Thread" daemon [_thread_blocked, id=12424, stack(0x000000e868400000,0x000000e868500000)]
  0x00000251fe1b4de0 JavaThread "C2 CompilerThread0" daemon [_thread_in_native, id=1980, stack(0x000000e868500000,0x000000e868600000)]
  0x00000251fe1bd8a0 JavaThread "C1 CompilerThread0" daemon [_thread_blocked, id=12092, stack(0x000000e868600000,0x000000e868700000)]
  0x00000251fe1c02b0 JavaThread "Sweeper thread" daemon [_thread_blocked, id=6320, stack(0x000000e868700000,0x000000e868800000)]
  0x00000251fe5851a0 JavaThread "Notification Thread" daemon [_thread_blocked, id=13740, stack(0x000000e868800000,0x000000e868900000)]
  0x00000251fe58e370 JavaThread "Common-Cleaner" daemon [_thread_blocked, id=8376, stack(0x000000e868a00000,0x000000e868b00000)]

Other Threads:
=>0x00000251fe109010 VMThread "VM Thread" [stack: 0x000000e867e00000,0x000000e867f00000] [id=14148]
  0x00000251fe585a80 WatcherThread [stack: 0x000000e868900000,0x000000e868a00000] [id=7160]
  0x00000251e5384190 GCTaskThread "GC Thread#0" [stack: 0x000000e867900000,0x000000e867a00000] [id=5360]
  0x00000251fe97a5f0 GCTaskThread "GC Thread#1" [stack: 0x000000e868c00000,0x000000e868d00000] [id=10044]
  0x00000251fe9328c0 GCTaskThread "GC Thread#2" [stack: 0x000000e868d00000,0x000000e868e00000] [id=5816]
  0x00000251fe962fe0 GCTaskThread "GC Thread#3" [stack: 0x000000e868e00000,0x000000e868f00000] [id=8256]
  0x00000251e538cde0 ConcurrentGCThread "G1 Main Marker" [stack: 0x000000e867a00000,0x000000e867b00000] [id=11676]
  0x00000251e538dfa0 ConcurrentGCThread "G1 Conc#0" [stack: 0x000000e867b00000,0x000000e867c00000] [id=8184]
  0x00000251e53cf710 ConcurrentGCThread "G1 Refine#0" [stack: 0x000000e867c00000,0x000000e867d00000] [id=10300]
  0x00000251e53d0140 ConcurrentGCThread "G1 Service" [stack: 0x000000e867d00000,0x000000e867e00000] [id=3240]

Threads with active compile tasks:
C2 CompilerThread0     6695 5120       4       org.jetbrains.org.objectweb.asm.ClassReader::readMethod (1061 bytes)

VM state: at safepoint (normal execution)

VM Mutex/Monitor currently owned by a thread:  ([mutex/lock_event])
[0x00000251e5341d20] Threads_lock - owner thread: 0x00000251fe109010
[0x00000251e5342470] Heap_lock - owner thread: 0x00000251e5345b10

Heap address: 0x00000000c1800000, size: 1000 MB, Compressed Oops mode: 32-bit

CDS archive(s) not mapped
Compressed class space mapped at: 0x0000000100000000-0x0000000140000000, reserved size: 1073741824
Narrow klass base: 0x0000000000000000, Narrow klass shift: 3, Narrow klass range: 0x140000000

GC Precious Log:
 CPUs: 4 total, 4 available
 Memory: 3998M
 Large Page Support: Disabled
 NUMA Support: Disabled
 Compressed Oops: Enabled (32-bit)
 Heap Region Size: 1M
 Heap Min Capacity: 8M
 Heap Initial Capacity: 64M
 Heap Max Capacity: 1000M
 Pre-touch: Disabled
 Parallel Workers: 4
 Concurrent Workers: 1
 Concurrent Refinement Workers: 4
 Periodic GC: Disabled

Heap:
 garbage-first heap   total 67584K, used 40829K [0x00000000c1800000, 0x0000000100000000)
  region size 1024K, 1 young (1024K), 1 survivors (1024K)
 Metaspace       used 53643K, committed 53888K, reserved 1114112K
  class space    used 6352K, committed 6464K, reserved 1048576K

Heap Regions: E=young(eden), S=young(survivor), O=old, HS=humongous(starts), HC=humongous(continues), CS=collection set, F=free, OA=open archive, CA=closed archive, TAMS=top-at-mark-start (previous, next)
|   0|0x00000000c1800000, 0x00000000c1900000, 0x00000000c1900000|100%|HS|  |TAMS 0x00000000c1900000, 0x00000000c1800000| Complete 
|   1|0x00000000c1900000, 0x00000000c1a00000, 0x00000000c1a00000|100%|HC|  |TAMS 0x00000000c1a00000, 0x00000000c1900000| Complete 
|   2|0x00000000c1a00000, 0x00000000c1b00000, 0x00000000c1b00000|100%|HC|  |TAMS 0x00000000c1b00000, 0x00000000c1a00000| Complete 
|   3|0x00000000c1b00000, 0x00000000c1c00000, 0x00000000c1c00000|100%|HC|  |TAMS 0x00000000c1c00000, 0x00000000c1b00000| Complete 
|   4|0x00000000c1c00000, 0x00000000c1d00000, 0x00000000c1d00000|100%| O|  |TAMS 0x00000000c1d00000, 0x00000000c1c00000| Untracked 
|   5|0x00000000c1d00000, 0x00000000c1df6400, 0x00000000c1e00000| 96%| O|  |TAMS 0x00000000c1df6400, 0x00000000c1d00000| Untracked 
|   6|0x00000000c1e00000, 0x00000000c1f00000, 0x00000000c1f00000|100%| O|  |TAMS 0x00000000c1f00000, 0x00000000c1e00000| Untracked 
|   7|0x00000000c1f00000, 0x00000000c2000000, 0x00000000c2000000|100%| O|  |TAMS 0x00000000c2000000, 0x00000000c1f00000| Untracked 
|   8|0x00000000c2000000, 0x00000000c2100000, 0x00000000c2100000|100%| O|  |TAMS 0x00000000c2100000, 0x00000000c2000000| Untracked 
|   9|0x00000000c2100000, 0x00000000c2200000, 0x00000000c2200000|100%| O|  |TAMS 0x00000000c2200000, 0x00000000c2100000| Untracked 
|  10|0x00000000c2200000, 0x00000000c2300000, 0x00000000c2300000|100%| O|  |TAMS 0x00000000c2200000, 0x00000000c2200000| Untracked 
|  11|0x00000000c2300000, 0x00000000c2400000, 0x00000000c2400000|100%| O|  |TAMS 0x00000000c2400000, 0x00000000c2300000| Untracked 
|  12|0x00000000c2400000, 0x00000000c2500000, 0x00000000c2500000|100%| O|  |TAMS 0x00000000c2500000, 0x00000000c2400000| Untracked 
|  13|0x00000000c2500000, 0x00000000c2600000, 0x00000000c2600000|100%| O|  |TAMS 0x00000000c2600000, 0x00000000c2500000| Untracked 
|  14|0x00000000c2600000, 0x00000000c2700000, 0x00000000c2700000|100%| O|  |TAMS 0x00000000c2700000, 0x00000000c2600000| Untracked 
|  15|0x00000000c2700000, 0x00000000c2700000, 0x00000000c2800000|  0%| F|  |TAMS 0x00000000c2700000, 0x00000000c2700000| Untracked 
|  16|0x00000000c2800000, 0x00000000c2900000, 0x00000000c2900000|100%| O|  |TAMS 0x00000000c2900000, 0x00000000c2800000| Untracked 
|  17|0x00000000c2900000, 0x00000000c2a00000, 0x00000000c2a00000|100%| O|  |TAMS 0x00000000c2a00000, 0x00000000c2900000| Untracked 
|  18|0x00000000c2a00000, 0x00000000c2b00000, 0x00000000c2b00000|100%| O|  |TAMS 0x00000000c2b00000, 0x00000000c2a00000| Untracked 
|  19|0x00000000c2b00000, 0x00000000c2c00000, 0x00000000c2c00000|100%| O|  |TAMS 0x00000000c2c00000, 0x00000000c2b00000| Untracked 
|  20|0x00000000c2c00000, 0x00000000c2d00000, 0x00000000c2d00000|100%| O|  |TAMS 0x00000000c2d00000, 0x00000000c2c00000| Untracked 
|  21|0x00000000c2d00000, 0x00000000c2e00000, 0x00000000c2e00000|100%| O|  |TAMS 0x00000000c2e00000, 0x00000000c2d00000| Untracked 
|  22|0x00000000c2e00000, 0x00000000c2f00000, 0x00000000c2f00000|100%|HS|  |TAMS 0x00000000c2f00000, 0x00000000c2e00000| Complete 
|  23|0x00000000c2f00000, 0x00000000c3000000, 0x00000000c3000000|100%|HC|  |TAMS 0x00000000c3000000, 0x00000000c2f00000| Complete 
|  24|0x00000000c3000000, 0x00000000c3100000, 0x00000000c3100000|100%| O|  |TAMS 0x00000000c3100000, 0x00000000c3000000| Untracked 
|  25|0x00000000c3100000, 0x00000000c3200000, 0x00000000c3200000|100%| O|  |TAMS 0x00000000c3200000, 0x00000000c3100000| Untracked 
|  26|0x00000000c3200000, 0x00000000c3300000, 0x00000000c3300000|100%| O|  |TAMS 0x00000000c3300000, 0x00000000c3200000| Untracked 
|  27|0x00000000c3300000, 0x00000000c3400000, 0x00000000c3400000|100%| O|  |TAMS 0x00000000c3400000, 0x00000000c3300000| Untracked 
|  28|0x00000000c3400000, 0x00000000c3500000, 0x00000000c3500000|100%| O|  |TAMS 0x00000000c3500000, 0x00000000c3400000| Untracked 
|  29|0x00000000c3500000, 0x00000000c3600000, 0x00000000c3600000|100%| O|  |TAMS 0x00000000c3600000, 0x00000000c3500000| Untracked 
|  30|0x00000000c3600000, 0x00000000c3700000, 0x00000000c3700000|100%| O|  |TAMS 0x00000000c3700000, 0x00000000c3600000| Untracked 
|  31|0x00000000c3700000, 0x00000000c3800000, 0x00000000c3800000|100%| O|  |TAMS 0x00000000c3800000, 0x00000000c3700000| Untracked 
|  32|0x00000000c3800000, 0x00000000c3900000, 0x00000000c3900000|100%| O|  |TAMS 0x00000000c3900000, 0x00000000c3800000| Untracked 
|  33|0x00000000c3900000, 0x00000000c3a00000, 0x00000000c3a00000|100%| O|  |TAMS 0x00000000c3a00000, 0x00000000c3900000| Untracked 
|  34|0x00000000c3a00000, 0x00000000c3b00000, 0x00000000c3b00000|100%| O|  |TAMS 0x00000000c3ac6600, 0x00000000c3a00000| Untracked 
|  35|0x00000000c3b00000, 0x00000000c3c00000, 0x00000000c3c00000|100%| O|  |TAMS 0x00000000c3b00000, 0x00000000c3b00000| Untracked 
|  36|0x00000000c3c00000, 0x00000000c3d00000, 0x00000000c3d00000|100%| O|  |TAMS 0x00000000c3c00000, 0x00000000c3c00000| Untracked 
|  37|0x00000000c3d00000, 0x00000000c3e00000, 0x00000000c3e00000|100%| O|  |TAMS 0x00000000c3d00000, 0x00000000c3d00000| Untracked 
|  38|0x00000000c3e00000, 0x00000000c3f00000, 0x00000000c3f00000|100%| O|  |TAMS 0x00000000c3e00000, 0x00000000c3e00000| Untracked 
|  39|0x00000000c3f00000, 0x00000000c4000000, 0x00000000c4000000|100%| O|  |TAMS 0x00000000c3f00000, 0x00000000c3f00000| Untracked 
|  40|0x00000000c4000000, 0x00000000c405fe00, 0x00000000c4100000| 37%| O|  |TAMS 0x00000000c4000000, 0x00000000c4000000| Untracked 
|  41|0x00000000c4100000, 0x00000000c4100000, 0x00000000c4200000|  0%| F|  |TAMS 0x00000000c4100000, 0x00000000c4100000| Untracked 
|  42|0x00000000c4200000, 0x00000000c4200000, 0x00000000c4300000|  0%| F|  |TAMS 0x00000000c4200000, 0x00000000c4200000| Untracked 
|  43|0x00000000c4300000, 0x00000000c4300000, 0x00000000c4400000|  0%| F|  |TAMS 0x00000000c4300000, 0x00000000c4300000| Untracked 
|  44|0x00000000c4400000, 0x00000000c4400000, 0x00000000c4500000|  0%| F|  |TAMS 0x00000000c4400000, 0x00000000c4400000| Untracked 
|  45|0x00000000c4500000, 0x00000000c4500000, 0x00000000c4600000|  0%| F|  |TAMS 0x00000000c4500000, 0x00000000c4500000| Untracked 
|  46|0x00000000c4600000, 0x00000000c4600000, 0x00000000c4700000|  0%| F|  |TAMS 0x00000000c4600000, 0x00000000c4600000| Untracked 
|  47|0x00000000c4700000, 0x00000000c4700000, 0x00000000c4800000|  0%| F|  |TAMS 0x00000000c4700000, 0x00000000c4700000| Untracked 
|  48|0x00000000c4800000, 0x00000000c4800000, 0x00000000c4900000|  0%| F|  |TAMS 0x00000000c4800000, 0x00000000c4800000| Untracked 
|  49|0x00000000c4900000, 0x00000000c4900000, 0x00000000c4a00000|  0%| F|  |TAMS 0x00000000c4900000, 0x00000000c4900000| Untracked 
|  50|0x00000000c4a00000, 0x00000000c4a00000, 0x00000000c4b00000|  0%| F|  |TAMS 0x00000000c4a00000, 0x00000000c4a00000| Untracked 
|  51|0x00000000c4b00000, 0x00000000c4b00000, 0x00000000c4c00000|  0%| F|  |TAMS 0x00000000c4b00000, 0x00000000c4b00000| Untracked 
|  52|0x00000000c4c00000, 0x00000000c4c00000, 0x00000000c4d00000|  0%| F|  |TAMS 0x00000000c4c00000, 0x00000000c4c00000| Untracked 
|  53|0x00000000c4d00000, 0x00000000c4d00000, 0x00000000c4e00000|  0%| F|  |TAMS 0x00000000c4d00000, 0x00000000c4d00000| Untracked 
|  54|0x00000000c4e00000, 0x00000000c4e00000, 0x00000000c4f00000|  0%| F|  |TAMS 0x00000000c4e00000, 0x00000000c4e00000| Untracked 
|  55|0x00000000c4f00000, 0x00000000c4f00000, 0x00000000c5000000|  0%| F|  |TAMS 0x00000000c4f00000, 0x00000000c4f00000| Untracked 
|  56|0x00000000c5000000, 0x00000000c5000000, 0x00000000c5100000|  0%| F|  |TAMS 0x00000000c5000000, 0x00000000c5000000| Untracked 
|  57|0x00000000c5100000, 0x00000000c5100000, 0x00000000c5200000|  0%| F|  |TAMS 0x00000000c5100000, 0x00000000c5100000| Untracked 
|  58|0x00000000c5200000, 0x00000000c5200000, 0x00000000c5300000|  0%| F|  |TAMS 0x00000000c5200000, 0x00000000c5200000| Untracked 
|  59|0x00000000c5300000, 0x00000000c5300000, 0x00000000c5400000|  0%| F|  |TAMS 0x00000000c5300000, 0x00000000c5300000| Untracked 
|  60|0x00000000c5400000, 0x00000000c5400000, 0x00000000c5500000|  0%| F|  |TAMS 0x00000000c5400000, 0x00000000c5400000| Untracked 
|  61|0x00000000c5500000, 0x00000000c5500000, 0x00000000c5600000|  0%| F|  |TAMS 0x00000000c5500000, 0x00000000c5500000| Untracked 
|  62|0x00000000c5600000, 0x00000000c5600000, 0x00000000c5700000|  0%| F|  |TAMS 0x00000000c5600000, 0x00000000c5600000| Untracked 
|  63|0x00000000c5700000, 0x00000000c5700000, 0x00000000c5800000|  0%| F|  |TAMS 0x00000000c5700000, 0x00000000c5700000| Untracked 
|  64|0x00000000c5800000, 0x00000000c58894b0, 0x00000000c5900000| 53%| S|CS|TAMS 0x00000000c5800000, 0x00000000c5800000| Complete 
|  65|0x00000000c5900000, 0x00000000c5900000, 0x00000000c5a00000|  0%| F|  |TAMS 0x00000000c5900000, 0x00000000c5900000| Untracked 

Card table byte_map: [0x00000251f9830000,0x00000251f9a30000] _byte_map_base: 0x00000251f9224000

Marking Bits (Prev, Next): (CMBitMap*) 0x00000251e53847b0, (CMBitMap*) 0x00000251e53847f0
 Prev Bits: [0x00000251f9c30000, 0x00000251fabd0000)
 Next Bits: [0x00000251fabd0000, 0x00000251fbb70000)

Polling page: 0x00000251e5410000

Metaspace:

Usage:
  Non-class:     46.18 MB used.
      Class:      6.20 MB used.
       Both:     52.39 MB used.

Virtual space:
  Non-class space:       64.00 MB reserved,      46.31 MB ( 72%) committed,  1 nodes.
      Class space:        1.00 GB reserved,       6.31 MB ( <1%) committed,  1 nodes.
             Both:        1.06 GB reserved,      52.62 MB (  5%) committed. 

Chunk freelists:
   Non-Class:  1.47 MB
       Class:  9.67 MB
        Both:  11.14 MB

MaxMetaspaceSize: unlimited
CompressedClassSpaceSize: 1.00 GB
Initial GC threshold: 21.00 MB
Current GC threshold: 87.00 MB
CDS: off
MetaspaceReclaimPolicy: balanced
 - commit_granule_bytes: 65536.
 - commit_granule_words: 8192.
 - virtual_space_node_default_size: 8388608.
 - enlarge_chunks_in_place: 1.
 - new_chunks_are_fully_committed: 0.
 - uncommit_free_chunks: 1.
 - use_allocation_guard: 0.
 - handle_deallocations: 1.


Internal statistics:

num_allocs_failed_limit: 9.
num_arena_births: 204.
num_arena_deaths: 0.
num_vsnodes_births: 2.
num_vsnodes_deaths: 0.
num_space_committed: 840.
num_space_uncommitted: 0.
num_chunks_returned_to_freelist: 9.
num_chunks_taken_from_freelist: 1791.
num_chunk_merges: 9.
num_chunk_splits: 1506.
num_chunks_enlarged: 1344.
num_inconsistent_stats: 0.

CodeHeap 'non-profiled nmethods': size=120000Kb used=1899Kb max_used=1899Kb free=118100Kb
 bounds [0x00000251f1ad0000, 0x00000251f1d40000, 0x00000251f9000000]
CodeHeap 'profiled nmethods': size=120000Kb used=11201Kb max_used=11201Kb free=108799Kb
 bounds [0x00000251ea000000, 0x00000251eab00000, 0x00000251f1530000]
CodeHeap 'non-nmethods': size=5760Kb used=1277Kb max_used=1319Kb free=4483Kb
 bounds [0x00000251f1530000, 0x00000251f17a0000, 0x00000251f1ad0000]
 total_blobs=5930 nmethods=5337 adapters=505
 compilation: enabled
              stopped_count=0, restarted_count=0
 full_count=0

Compilation events (20 events):
Event: 6.644 Thread 0x00000251fe1bd8a0 5370       2       org.jetbrains.kotlin.load.java.lazy.descriptors.LazyJavaAnnotationDescriptor$type$2::invoke (5 bytes)
Event: 6.644 Thread 0x00000251fe1bd8a0 nmethod 5370 0x00000251eaaec010 code [0x00000251eaaec1a0, 0x00000251eaaec2c8]
Event: 6.644 Thread 0x00000251fe1bd8a0 5371       2       org.jetbrains.kotlin.load.java.PropertiesConventionUtilKt::propertyNameFromAccessorMethodName (183 bytes)
Event: 6.646 Thread 0x00000251fe1bd8a0 nmethod 5371 0x00000251eaaec390 code [0x00000251eaaec660, 0x00000251eaaecf78]
Event: 6.646 Thread 0x00000251fe1bd8a0 5372       2       javaslang.collection.HashArrayMappedTrieModule$IndexedNode::<init> (20 bytes)
Event: 6.646 Thread 0x00000251fe1bd8a0 nmethod 5372 0x00000251eaaed490 code [0x00000251eaaed620, 0x00000251eaaed778]
Event: 6.646 Thread 0x00000251fe1bd8a0 5373       2       org.jetbrains.kotlin.load.java.structure.impl.classFiles.ClassifierResolutionContext::addTypeParameters$resolution_common_jvm (115 bytes)
Event: 6.647 Thread 0x00000251fe1bd8a0 nmethod 5373 0x00000251eaaed810 code [0x00000251eaaeda60, 0x00000251eaaee068]
Event: 6.647 Thread 0x00000251fe1bd8a0 5374       2       org.jetbrains.kotlin.load.java.structure.impl.classFiles.BinaryJavaAnnotationVisitor::visit (11 bytes)
Event: 6.648 Thread 0x00000251fe1bd8a0 nmethod 5374 0x00000251eaaee490 code [0x00000251eaaee640, 0x00000251eaaee798]
Event: 6.651 Thread 0x00000251fe1bd8a0 5376       2       org.jetbrains.kotlin.resolve.OverridingUtilTypeSystemContext::isDenotable (6 bytes)
Event: 6.651 Thread 0x00000251fe1bd8a0 nmethod 5376 0x00000251eaaee890 code [0x00000251eaaeea20, 0x00000251eaaeeb48]
Event: 6.654 Thread 0x00000251fe1bd8a0 5377       2       kotlin.text.StringsKt__StringsKt::contains (69 bytes)
Event: 6.655 Thread 0x00000251fe1bd8a0 nmethod 5377 0x00000251eaaeec10 code [0x00000251eaaeee60, 0x00000251eaaef3c8]
Event: 6.655 Thread 0x00000251fe1bd8a0 5378       2       kotlin.KotlinVersion::compareTo (16 bytes)
Event: 6.655 Thread 0x00000251fe1bd8a0 nmethod 5378 0x00000251eaaef710 code [0x00000251eaaef8e0, 0x00000251eaaefb98]
Event: 6.656 Thread 0x00000251fe1bd8a0 5379       2       org.jetbrains.kotlin.load.java.JvmAnnotationNamesKt::getNULLABLE_ANNOTATIONS (4 bytes)
Event: 6.656 Thread 0x00000251fe1bd8a0 nmethod 5379 0x00000251eaaefd90 code [0x00000251eaaeff20, 0x00000251eaaf0018]
Event: 6.657 Thread 0x00000251fe1bd8a0 5380       2       org.jetbrains.kotlin.resolve.OverridingUtilTypeSystemContext::argumentsCount (6 bytes)
Event: 6.657 Thread 0x00000251fe1bd8a0 nmethod 5380 0x00000251eaaf0090 code [0x00000251eaaf0220, 0x00000251eaaf0348]

GC Heap History (20 events):
Event: 4.140 GC heap after
{Heap after GC invocations=13 (full 0):
 garbage-first heap   total 54272K, used 23960K [0x00000000c1800000, 0x0000000100000000)
  region size 1024K, 2 young (2048K), 2 survivors (2048K)
 Metaspace       used 44203K, committed 44416K, reserved 1114112K
  class space    used 5400K, committed 5504K, reserved 1048576K
}
Event: 4.624 GC heap before
{Heap before GC invocations=13 (full 0):
 garbage-first heap   total 54272K, used 43416K [0x00000000c1800000, 0x0000000100000000)
  region size 1024K, 19 young (19456K), 2 survivors (2048K)
 Metaspace       used 47603K, committed 47744K, reserved 1114112K
  class space    used 5818K, committed 5888K, reserved 1048576K
}
Event: 4.632 GC heap after
{Heap after GC invocations=14 (full 0):
 garbage-first heap   total 54272K, used 28351K [0x00000000c1800000, 0x0000000100000000)
  region size 1024K, 3 young (3072K), 3 survivors (3072K)
 Metaspace       used 47603K, committed 47744K, reserved 1114112K
  class space    used 5818K, committed 5888K, reserved 1048576K
}
Event: 4.935 GC heap before
{Heap before GC invocations=14 (full 0):
 garbage-first heap   total 54272K, used 41663K [0x00000000c1800000, 0x0000000100000000)
  region size 1024K, 16 young (16384K), 3 survivors (3072K)
 Metaspace       used 49603K, committed 49856K, reserved 1114112K
  class space    used 6037K, committed 6144K, reserved 1048576K
}
Event: 4.944 GC heap after
{Heap after GC invocations=15 (full 0):
 garbage-first heap   total 54272K, used 30681K [0x00000000c1800000, 0x0000000100000000)
  region size 1024K, 2 young (2048K), 2 survivors (2048K)
 Metaspace       used 49603K, committed 49856K, reserved 1114112K
  class space    used 6037K, committed 6144K, reserved 1048576K
}
Event: 5.187 GC heap before
{Heap before GC invocations=16 (full 0):
 garbage-first heap   total 55296K, used 42969K [0x00000000c1800000, 0x0000000100000000)
  region size 1024K, 13 young (13312K), 2 survivors (2048K)
 Metaspace       used 51034K, committed 51264K, reserved 1114112K
  class space    used 6188K, committed 6272K, reserved 1048576K
}
Event: 5.197 GC heap after
{Heap after GC invocations=17 (full 0):
 garbage-first heap   total 55296K, used 32375K [0x00000000c1800000, 0x0000000100000000)
  region size 1024K, 2 young (2048K), 2 survivors (2048K)
 Metaspace       used 51034K, committed 51264K, reserved 1114112K
  class space    used 6188K, committed 6272K, reserved 1048576K
}
Event: 5.206 GC heap before
{Heap before GC invocations=17 (full 0):
 garbage-first heap   total 55296K, used 33399K [0x00000000c1800000, 0x0000000100000000)
  region size 1024K, 3 young (3072K), 2 survivors (2048K)
 Metaspace       used 51052K, committed 51264K, reserved 1114112K
  class space    used 6188K, committed 6272K, reserved 1048576K
}
Event: 5.212 GC heap after
{Heap after GC invocations=18 (full 0):
 garbage-first heap   total 67584K, used 32259K [0x00000000c1800000, 0x0000000100000000)
  region size 1024K, 1 young (1024K), 1 survivors (1024K)
 Metaspace       used 51052K, committed 51264K, reserved 1114112K
  class space    used 6188K, committed 6272K, reserved 1048576K
}
Event: 5.333 GC heap before
{Heap before GC invocations=18 (full 0):
 garbage-first heap   total 67584K, used 51715K [0x00000000c1800000, 0x0000000100000000)
  region size 1024K, 20 young (20480K), 1 survivors (1024K)
 Metaspace       used 51269K, committed 51456K, reserved 1114112K
  class space    used 6205K, committed 6272K, reserved 1048576K
}
Event: 5.335 GC heap after
{Heap after GC invocations=19 (full 0):
 garbage-first heap   total 67584K, used 32553K [0x00000000c1800000, 0x0000000100000000)
  region size 1024K, 1 young (1024K), 1 survivors (1024K)
 Metaspace       used 51269K, committed 51456K, reserved 1114112K
  class space    used 6205K, committed 6272K, reserved 1048576K
}
Event: 5.542 GC heap before
{Heap before GC invocations=20 (full 0):
 garbage-first heap   total 67584K, used 53033K [0x00000000c1800000, 0x0000000100000000)
  region size 1024K, 21 young (21504K), 1 survivors (1024K)
 Metaspace       used 51667K, committed 51904K, reserved 1114112K
  class space    used 6233K, committed 6336K, reserved 1048576K
}
Event: 5.548 GC heap after
{Heap after GC invocations=21 (full 0):
 garbage-first heap   total 67584K, used 35039K [0x00000000c1800000, 0x0000000100000000)
  region size 1024K, 3 young (3072K), 3 survivors (3072K)
 Metaspace       used 51667K, committed 51904K, reserved 1114112K
  class space    used 6233K, committed 6336K, reserved 1048576K
}
Event: 5.559 GC heap before
{Heap before GC invocations=21 (full 0):
 garbage-first heap   total 67584K, used 36063K [0x00000000c1800000, 0x0000000100000000)
  region size 1024K, 4 young (4096K), 3 survivors (3072K)
 Metaspace       used 51677K, committed 51904K, reserved 1114112K
  class space    used 6233K, committed 6336K, reserved 1048576K
}
Event: 5.568 GC heap after
{Heap after GC invocations=22 (full 0):
 garbage-first heap   total 67584K, used 35004K [0x00000000c1800000, 0x0000000100000000)
  region size 1024K, 1 young (1024K), 1 survivors (1024K)
 Metaspace       used 51677K, committed 51904K, reserved 1114112K
  class space    used 6233K, committed 6336K, reserved 1048576K
}
Event: 6.045 GC heap before
{Heap before GC invocations=22 (full 0):
 garbage-first heap   total 67584K, used 52412K [0x00000000c1800000, 0x0000000100000000)
  region size 1024K, 18 young (18432K), 1 survivors (1024K)
 Metaspace       used 53026K, committed 53312K, reserved 1114112K
  class space    used 6340K, committed 6464K, reserved 1048576K
}
Event: 6.053 GC heap after
{Heap after GC invocations=23 (full 0):
 garbage-first heap   total 67584K, used 37372K [0x00000000c1800000, 0x0000000100000000)
  region size 1024K, 3 young (3072K), 3 survivors (3072K)
 Metaspace       used 53026K, committed 53312K, reserved 1114112K
  class space    used 6340K, committed 6464K, reserved 1048576K
}
Event: 6.629 GC heap before
{Heap before GC invocations=24 (full 0):
 garbage-first heap   total 67584K, used 53756K [0x00000000c1800000, 0x0000000100000000)
  region size 1024K, 19 young (19456K), 3 survivors (3072K)
 Metaspace       used 53637K, committed 53888K, reserved 1114112K
  class space    used 6352K, committed 6464K, reserved 1048576K
}
Event: 6.642 GC heap after
{Heap after GC invocations=25 (full 0):
 garbage-first heap   total 67584K, used 40454K [0x00000000c1800000, 0x0000000100000000)
  region size 1024K, 3 young (3072K), 3 survivors (3072K)
 Metaspace       used 53637K, committed 53888K, reserved 1114112K
  class space    used 6352K, committed 6464K, reserved 1048576K
}
Event: 6.658 GC heap before
{Heap before GC invocations=25 (full 0):
 garbage-first heap   total 67584K, used 41478K [0x00000000c1800000, 0x0000000100000000)
  region size 1024K, 4 young (4096K), 3 survivors (3072K)
 Metaspace       used 53643K, committed 53888K, reserved 1114112K
  class space    used 6352K, committed 6464K, reserved 1048576K
}

Dll operation events (2 events):
Event: 0.010 Loaded shared library C:\Program Files\Android\Android Studio\jbr\bin\java.dll
Event: 1.971 Loaded shared library C:\Program Files\Android\Android Studio\jbr\bin\verify.dll

Deoptimization events (20 events):
Event: 6.574 Thread 0x00000251e5345b10 Uncommon trap: trap_request=0xffffff45 fr.pc=0x00000251f1ca3c24 relative=0x0000000000000544
Event: 6.574 Thread 0x00000251e5345b10 Uncommon trap: reason=unstable_if action=reinterpret pc=0x00000251f1ca3c24 method=java.util.HashMap.getNode(Ljava/lang/Object;)Ljava/util/HashMap$Node; @ 66 c2
Event: 6.574 Thread 0x00000251e5345b10 DEOPT PACKING pc=0x00000251f1ca3c24 sp=0x000000e8678fc5f0
Event: 6.574 Thread 0x00000251e5345b10 DEOPT UNPACKING pc=0x00000251f15869a3 sp=0x000000e8678fc490 mode 2
Event: 6.579 Thread 0x00000251e5345b10 DEOPT PACKING pc=0x00000251ea4cd1e5 sp=0x000000e8678fd410
Event: 6.579 Thread 0x00000251e5345b10 DEOPT UNPACKING pc=0x00000251f1587143 sp=0x000000e8678fc860 mode 0
Event: 6.600 Thread 0x00000251e5345b10 Uncommon trap: trap_request=0xffffffde fr.pc=0x00000251f1ba9f64 relative=0x0000000000000064
Event: 6.600 Thread 0x00000251e5345b10 Uncommon trap: reason=class_check action=maybe_recompile pc=0x00000251f1ba9f64 method=java.util.Collections$UnmodifiableCollection.size()I @ 4 c2
Event: 6.600 Thread 0x00000251e5345b10 DEOPT PACKING pc=0x00000251f1ba9f64 sp=0x000000e8678fb800
Event: 6.600 Thread 0x00000251e5345b10 DEOPT UNPACKING pc=0x00000251f15869a3 sp=0x000000e8678fb788 mode 2
Event: 6.600 Thread 0x00000251e5345b10 Uncommon trap: trap_request=0xffffffde fr.pc=0x00000251f1ba9f64 relative=0x0000000000000064
Event: 6.600 Thread 0x00000251e5345b10 Uncommon trap: reason=class_check action=maybe_recompile pc=0x00000251f1ba9f64 method=java.util.Collections$UnmodifiableCollection.size()I @ 4 c2
Event: 6.600 Thread 0x00000251e5345b10 DEOPT PACKING pc=0x00000251f1ba9f64 sp=0x000000e8678fbb00
Event: 6.600 Thread 0x00000251e5345b10 DEOPT UNPACKING pc=0x00000251f15869a3 sp=0x000000e8678fba88 mode 2
Event: 6.600 Thread 0x00000251e5345b10 Uncommon trap: trap_request=0xffffff45 fr.pc=0x00000251f1c9bd9c relative=0x00000000000002dc
Event: 6.600 Thread 0x00000251e5345b10 Uncommon trap: reason=unstable_if action=reinterpret pc=0x00000251f1c9bd9c method=java.util.HashMap.getNode(Ljava/lang/Object;)Ljava/util/HashMap$Node; @ 66 c2
Event: 6.600 Thread 0x00000251e5345b10 DEOPT PACKING pc=0x00000251f1c9bd9c sp=0x000000e8678fc7b0
Event: 6.600 Thread 0x00000251e5345b10 DEOPT UNPACKING pc=0x00000251f15869a3 sp=0x000000e8678fc6b8 mode 2
Event: 6.648 Thread 0x00000251e5345b10 DEOPT PACKING pc=0x00000251ea6ce285 sp=0x000000e8678fb560
Event: 6.648 Thread 0x00000251e5345b10 DEOPT UNPACKING pc=0x00000251f1587143 sp=0x000000e8678fa9f0 mode 0

Classes unloaded (0 events):
No events

Classes redefined (0 events):
No events

Internal exceptions (20 events):
Event: 1.709 Thread 0x00000251e5345b10 Exception <a 'java/lang/NoSuchMethodError'{0x00000000c372b5d8}: 'int java.lang.invoke.DelegatingMethodHandle$Holder.reinvoke_L(java.lang.Object, java.lang.Object, java.lang.Object, long, long, long)'> (0x00000000c372b5d8) 
thrown [s\src\hotspot\share\interpreter\linkResolver.cpp, line 771]
Event: 1.712 Thread 0x00000251e5345b10 Exception <a 'java/lang/NoSuchMethodError'{0x00000000c3739bf0}: 'int java.lang.invoke.DelegatingMethodHandle$Holder.reinvoke_L(java.lang.Object, java.lang.Object, java.lang.Object, long, int)'> (0x00000000c3739bf0) 
thrown [s\src\hotspot\share\interpreter\linkResolver.cpp, line 771]
Event: 1.736 Thread 0x00000251e5345b10 Exception <a 'java/lang/NoSuchMethodError'{0x00000000c37e2288}: 'int java.lang.invoke.DirectMethodHandle$Holder.invokeStaticInit(java.lang.Object, java.lang.Object, java.lang.Object)'> (0x00000000c37e2288) 
thrown [s\src\hotspot\share\interpreter\linkResolver.cpp, line 771]
Event: 1.743 Thread 0x00000251e5345b10 Exception <a 'java/lang/NoSuchMethodError'{0x00000000c360a5d8}: 'int java.lang.invoke.DirectMethodHandle$Holder.invokeStaticInit(java.lang.Object, java.lang.Object)'> (0x00000000c360a5d8) 
thrown [s\src\hotspot\share\interpreter\linkResolver.cpp, line 771]
Event: 1.762 Thread 0x00000251e5345b10 Exception <a 'java/lang/NoSuchMethodError'{0x00000000c36e9910}: 'void java.lang.invoke.DirectMethodHandle$Holder.invokeSpecial(java.lang.Object, java.lang.Object, java.lang.Object)'> (0x00000000c36e9910) 
thrown [s\src\hotspot\share\interpreter\linkResolver.cpp, line 771]
Event: 1.840 Thread 0x00000251e5345b10 Exception <a 'java/lang/NoSuchMethodError'{0x00000000c3210ef0}: 'void java.lang.invoke.DirectMethodHandle$Holder.invokeStatic(java.lang.Object, java.lang.Object, java.lang.Object, java.lang.Object)'> (0x00000000c3210ef0) 
thrown [s\src\hotspot\share\interpreter\linkResolver.cpp, line 771]
Event: 1.931 Thread 0x00000251e5345b10 Exception <a 'java/lang/NoSuchMethodError'{0x00000000c2fd3860}: 'void java.lang.invoke.DirectMethodHandle$Holder.invokeStaticInit(java.lang.Object, java.lang.Object)'> (0x00000000c2fd3860) 
thrown [s\src\hotspot\share\interpreter\linkResolver.cpp, line 771]
Event: 2.073 Thread 0x00000251e5345b10 Exception <a 'java/lang/NoSuchMethodError'{0x00000000c29612d0}: 'void java.lang.invoke.DirectMethodHandle$Holder.invokeVirtual(java.lang.Object, java.lang.Object)'> (0x00000000c29612d0) 
thrown [s\src\hotspot\share\interpreter\linkResolver.cpp, line 771]
Event: 2.084 Thread 0x00000251e5345b10 Exception <a 'java/lang/NoSuchMethodError'{0x00000000c29acca0}: 'int java.lang.invoke.DirectMethodHandle$Holder.invokeVirtual(java.lang.Object, java.lang.Object)'> (0x00000000c29acca0) 
thrown [s\src\hotspot\share\interpreter\linkResolver.cpp, line 771]
Event: 2.104 Thread 0x00000251e5345b10 Exception <a 'java/lang/NoSuchMethodError'{0x00000000c2846670}: 'java.lang.Object java.lang.invoke.Invokers$Holder.invokeExact_MT(java.lang.Object, java.lang.Object, java.lang.Object, java.lang.Object, java.lang.Object, java.lang.Object)'> (0x00000000c2846670) 
thrown [s\src\hotspot\share\interpreter\linkResolver.cpp, line 771]
Event: 2.776 Thread 0x00000251e5345b10 Implicit null exception at 0x00000251f1ae8672 to 0x00000251f1ae8c44
Event: 2.989 Thread 0x00000251e5345b10 Implicit null exception at 0x00000251f1aea272 to 0x00000251f1aea854
Event: 3.055 Thread 0x00000251e5345b10 Exception <a 'java/lang/NoSuchMethodError'{0x00000000c3674898}: 'java.lang.Object java.lang.invoke.DirectMethodHandle$Holder.invokeVirtual(java.lang.Object, java.lang.Object, java.lang.Object)'> (0x00000000c3674898) 
thrown [s\src\hotspot\share\interpreter\linkResolver.cpp, line 771]
Event: 3.905 Thread 0x00000251e5345b10 Exception <a 'java/lang/NoSuchMethodError'{0x00000000c4086f38}: 'java.lang.Object java.lang.invoke.DirectMethodHandle$Holder.newInvokeSpecial(java.lang.Object, java.lang.Object, int)'> (0x00000000c4086f38) 
thrown [s\src\hotspot\share\interpreter\linkResolver.cpp, line 771]
Event: 4.074 Thread 0x00000251e5345b10 Exception <a 'java/lang/NoSuchMethodError'{0x00000000c3c50038}: 'java.lang.Object java.lang.invoke.DirectMethodHandle$Holder.newInvokeSpecial(java.lang.Object, java.lang.Object, java.lang.Object, int)'> (0x00000000c3c50038) 
thrown [s\src\hotspot\share\interpreter\linkResolver.cpp, line 771]
Event: 4.074 Thread 0x00000251e5345b10 Exception <a 'java/lang/NoSuchMethodError'{0x00000000c3c546c0}: 'java.lang.Object java.lang.invoke.DirectMethodHandle$Holder.invokeSpecial(java.lang.Object, java.lang.Object, java.lang.Object, java.lang.Object, int)'> (0x00000000c3c546c0) 
thrown [s\src\hotspot\share\interpreter\linkResolver.cpp, line 771]
Event: 4.075 Thread 0x00000251e5345b10 Exception <a 'java/lang/NoSuchMethodError'{0x00000000c3c58530}: 'java.lang.Object java.lang.invoke.Invokers$Holder.linkToTargetMethod(java.lang.Object, java.lang.Object, int, java.lang.Object)'> (0x00000000c3c58530) 
thrown [s\src\hotspot\share\interpreter\linkResolver.cpp, line 771]
Event: 5.352 Thread 0x00000251e5345b10 Exception <a 'java/lang/NoSuchMethodError'{0x00000000c597c8d8}: 'java.lang.Object java.lang.invoke.DirectMethodHandle$Holder.newInvokeSpecial(java.lang.Object, java.lang.Object, java.lang.Object, java.lang.Object, java.lang.Object, java.lang.Object)'> (0x00000000c597c8d8) 
thrown [s\src\hotspot\share\interpreter\linkResolver.cpp, line 771]
Event: 5.361 Thread 0x00000251e5345b10 Implicit null exception at 0x00000251f1b1990e to 0x00000251f1b19b64
Event: 5.846 Thread 0x00000251e5345b10 Exception <a 'java/lang/NoSuchMethodError'{0x00000000c4ce2b48}: 'java.lang.Object java.lang.invoke.DirectMethodHandle$Holder.invokeStaticInit(java.lang.Object, java.lang.Object, java.lang.Object)'> (0x00000000c4ce2b48) 
thrown [s\src\hotspot\share\interpreter\linkResolver.cpp, line 771]

VM Operations (20 events):
Event: 5.701 Executing VM operation: HandshakeAllThreads done
Event: 5.868 Executing VM operation: ICBufferFull
Event: 5.868 Executing VM operation: ICBufferFull done
Event: 6.045 Executing VM operation: G1CollectForAllocation
Event: 6.053 Executing VM operation: G1CollectForAllocation done
Event: 6.154 Executing VM operation: G1PauseRemark
Event: 6.161 Executing VM operation: G1PauseRemark done
Event: 6.204 Executing VM operation: G1PauseCleanup
Event: 6.204 Executing VM operation: G1PauseCleanup done
Event: 6.314 Executing VM operation: HandshakeAllThreads
Event: 6.314 Executing VM operation: HandshakeAllThreads done
Event: 6.316 Executing VM operation: HandshakeAllThreads
Event: 6.316 Executing VM operation: HandshakeAllThreads done
Event: 6.328 Executing VM operation: ICBufferFull
Event: 6.329 Executing VM operation: ICBufferFull done
Event: 6.574 Executing VM operation: ICBufferFull
Event: 6.574 Executing VM operation: ICBufferFull done
Event: 6.628 Executing VM operation: G1CollectForAllocation
Event: 6.642 Executing VM operation: G1CollectForAllocation done
Event: 6.658 Executing VM operation: G1CollectForAllocation

Events (20 events):
Event: 4.437 loading class java/util/stream/IntPipeline$1
Event: 4.437 loading class java/util/stream/IntPipeline$1 done
Event: 4.437 loading class java/util/stream/ReferencePipeline$2
Event: 4.437 loading class java/util/stream/ReferencePipeline$2 done
Event: 4.439 loading class java/util/stream/ReferencePipeline$2$1
Event: 4.439 loading class java/util/stream/ReferencePipeline$2$1 done
Event: 4.439 loading class java/util/stream/IntPipeline$1$1
Event: 4.439 loading class java/util/stream/Sink$ChainedInt
Event: 4.439 loading class java/util/stream/Sink$OfInt
Event: 4.439 loading class java/util/function/IntConsumer
Event: 4.439 loading class java/util/function/IntConsumer done
Event: 4.439 loading class java/util/stream/Sink$OfInt done
Event: 4.439 loading class java/util/stream/Sink$ChainedInt done
Event: 4.439 loading class java/util/stream/IntPipeline$1$1 done
Event: 4.593 loading class java/security/CodeSigner
Event: 4.594 loading class java/security/CodeSigner done
Event: 5.052 loading class java/util/Collections$SingletonMap
Event: 5.053 loading class java/util/Collections$SingletonMap done
Event: 5.733 loading class java/util/RegularEnumSet$EnumSetIterator
Event: 5.733 loading class java/util/RegularEnumSet$EnumSetIterator done


Dynamic libraries:
0x00007ff670570000 - 0x00007ff67057a000 	C:\Program Files\Android\Android Studio\jbr\bin\java.exe
0x00007ff8e0a70000 - 0x00007ff8e0c65000 	C:\Windows\SYSTEM32\ntdll.dll
0x00007ff8df9d0000 - 0x00007ff8dfa8d000 	C:\Windows\System32\KERNEL32.DLL
0x00007ff8de350000 - 0x00007ff8de619000 	C:\Windows\System32\KERNELBASE.dll
0x00007ff8de250000 - 0x00007ff8de350000 	C:\Windows\System32\ucrtbase.dll
0x00007ff8d0320000 - 0x00007ff8d033b000 	C:\Program Files\Android\Android Studio\jbr\bin\VCRUNTIME140.dll
0x00007ff8d7bc0000 - 0x00007ff8d7bd7000 	C:\Program Files\Android\Android Studio\jbr\bin\jli.dll
0x00007ff8deeb0000 - 0x00007ff8df050000 	C:\Windows\System32\USER32.dll
0x00007ff8dea80000 - 0x00007ff8deaa2000 	C:\Windows\System32\win32u.dll
0x00007ff8cc710000 - 0x00007ff8cc9aa000 	C:\Windows\WinSxS\amd64_microsoft.windows.common-controls_6595b64144ccf1df_6.0.19041.1052_none_60b8f8fd71f5e8cb\COMCTL32.dll
0x00007ff8dffc0000 - 0x00007ff8dffea000 	C:\Windows\System32\GDI32.dll
0x00007ff8e0990000 - 0x00007ff8e0a2e000 	C:\Windows\System32\msvcrt.dll
0x00007ff8de6b0000 - 0x00007ff8de7bb000 	C:\Windows\System32\gdi32full.dll
0x00007ff8de1b0000 - 0x00007ff8de24d000 	C:\Windows\System32\msvcp_win.dll
0x00007ff8dee70000 - 0x00007ff8deea0000 	C:\Windows\System32\IMM32.DLL
0x00007ff8d8c50000 - 0x00007ff8d8c5c000 	C:\Program Files\Android\Android Studio\jbr\bin\vcruntime140_1.dll
0x00007ff8cb2f0000 - 0x00007ff8cb37d000 	C:\Program Files\Android\Android Studio\jbr\bin\msvcp140.dll
0x00007ff8b1f50000 - 0x00007ff8b2bd3000 	C:\Program Files\Android\Android Studio\jbr\bin\server\jvm.dll
0x00007ff8dfdb0000 - 0x00007ff8dfe5c000 	C:\Windows\System32\ADVAPI32.dll
0x00007ff8dfc40000 - 0x00007ff8dfcdb000 	C:\Windows\System32\sechost.dll
0x00007ff8df8a0000 - 0x00007ff8df9ca000 	C:\Windows\System32\RPCRT4.dll
0x00007ff8d90b0000 - 0x00007ff8d90b9000 	C:\Windows\SYSTEM32\WSOCK32.dll
0x00007ff8cd620000 - 0x00007ff8cd647000 	C:\Windows\SYSTEM32\WINMM.dll
0x00007ff8dd790000 - 0x00007ff8dd7db000 	C:\Windows\SYSTEM32\POWRPROF.dll
0x00007ff8dff50000 - 0x00007ff8dffbb000 	C:\Windows\System32\WS2_32.dll
0x00007ff8d2580000 - 0x00007ff8d258a000 	C:\Windows\SYSTEM32\VERSION.dll
0x00007ff8dd600000 - 0x00007ff8dd612000 	C:\Windows\SYSTEM32\UMPDC.dll
0x00007ff8dca70000 - 0x00007ff8dca82000 	C:\Windows\SYSTEM32\kernel.appcore.dll
0x00007ff8db640000 - 0x00007ff8db64a000 	C:\Program Files\Android\Android Studio\jbr\bin\jimage.dll
0x00007ff8cdc30000 - 0x00007ff8cde14000 	C:\Windows\SYSTEM32\DBGHELP.DLL
0x00007ff8ce4d0000 - 0x00007ff8ce4fc000 	C:\Windows\SYSTEM32\dbgcore.DLL
0x00007ff8de620000 - 0x00007ff8de6a3000 	C:\Windows\System32\bcryptPrimitives.dll
0x00007ff8d8e40000 - 0x00007ff8d8e65000 	C:\Program Files\Android\Android Studio\jbr\bin\java.dll
0x00007ff8db620000 - 0x00007ff8db638000 	C:\Program Files\Android\Android Studio\jbr\bin\zip.dll
0x00007ff8df050000 - 0x00007ff8df78f000 	C:\Windows\System32\SHELL32.dll
0x00007ff8dc1a0000 - 0x00007ff8dc931000 	C:\Windows\SYSTEM32\windows.storage.dll
0x00007ff8e0510000 - 0x00007ff8e0865000 	C:\Windows\System32\combase.dll
0x00007ff8ddc20000 - 0x00007ff8ddc4c000 	C:\Windows\SYSTEM32\Wldp.dll
0x00007ff8df7f0000 - 0x00007ff8df89e000 	C:\Windows\System32\SHCORE.dll
0x00007ff8dfd50000 - 0x00007ff8dfda5000 	C:\Windows\System32\shlwapi.dll
0x00007ff8de0f0000 - 0x00007ff8de10f000 	C:\Windows\SYSTEM32\profapi.dll
0x00007ff8d8c00000 - 0x00007ff8d8c19000 	C:\Program Files\Android\Android Studio\jbr\bin\net.dll
0x00007ff8d29d0000 - 0x00007ff8d2ada000 	C:\Windows\SYSTEM32\WINHTTP.dll
0x00007ff8dd980000 - 0x00007ff8dd9ea000 	C:\Windows\system32\mswsock.dll
0x00007ff8d8b50000 - 0x00007ff8d8b66000 	C:\Program Files\Android\Android Studio\jbr\bin\nio.dll
0x00007ff8d8b40000 - 0x00007ff8d8b50000 	C:\Program Files\Android\Android Studio\jbr\bin\verify.dll

dbghelp: loaded successfully - version: 4.0.5 - missing functions: none
symbol engine: initialized successfully - sym options: 0x614 - pdb path: .;C:\Program Files\Android\Android Studio\jbr\bin;C:\Windows\SYSTEM32;C:\Windows\WinSxS\amd64_microsoft.windows.common-controls_6595b64144ccf1df_6.0.19041.1052_none_60b8f8fd71f5e8cb;C:\Program Files\Android\Android Studio\jbr\bin\server

VM Arguments:
java_command: org.jetbrains.kotlin.cli.jvm.K2JVMCompiler @C:\Users\MacBook Air\AndroidStudioProjects\VideoPlayerApplication\app\build\20240411_10359431332643202775.compiler.options
java_class_path (initial): C:\Users\MacBook Air\.gradle\caches\modules-2\files-2.1\org.jetbrains.kotlin\kotlin-compiler-embeddable\1.9.0\2c8c3a7402becca891f12739b3e9fd2dc2adbd7a\kotlin-compiler-embeddable-1.9.0.jar;C:\Users\MacBook Air\.gradle\caches\modules-2\files-2.1\org.jetbrains.kotlin\kotlin-stdlib\1.9.0\8ee15ef0c67dc83d874f412d84378d7f0eb50b63\kotlin-stdlib-1.9.0.jar;C:\Users\MacBook Air\.gradle\caches\modules-2\files-2.1\org.jetbrains.kotlin\kotlin-script-runtime\1.9.0\4b3102cbbb7e1b58d9d1adf89563f00069ffa7d1\kotlin-script-runtime-1.9.0.jar;C:\Users\MacBook Air\.gradle\caches\modules-2\files-2.1\org.jetbrains.kotlin\kotlin-reflect\1.6.10\1cbe9c92c12a94eea200d23c2bbaedaf3daf5132\kotlin-reflect-1.6.10.jar;C:\Users\MacBook Air\.gradle\caches\modules-2\files-2.1\org.jetbrains.kotlin\kotlin-daemon-embeddable\1.9.0\186543f5e28cf8d9a0290fecc2cf34301c40a65c\kotlin-daemon-embeddable-1.9.0.jar;C:\Users\MacBook Air\.gradle\caches\modules-2\files-2.1\org.jetbrains.intellij.deps\trove4j\1.0.20200330\3afb14d5f9ceb459d724e907a21145e8ff394f02\trove4j-1.0.20200330.jar;C:\Users\MacBook Air\.gradle\caches\modules-2\files-2.1\org.jetbrains.kotlin\kotlin-stdlib-common\1.9.0\cd65c21cfd1eec4d44ef09f9f52b6d9f8a720636\kotlin-stdlib-common-1.9.0.jar;C:\Users\MacBook Air\.gradle\caches\modules-2\files-2.1\org.jetbrains\annotations\13.0\919f0dfe192fb4e063e7dacadee7f8bb9a2672a9\annotations-13.0.jar
Launcher Type: SUN_STANDARD

[Global flags]
     intx CICompilerCount                          = 3                                         {product} {ergonomic}
     uint ConcGCThreads                            = 1                                         {product} {ergonomic}
     uint G1ConcRefinementThreads                  = 4                                         {product} {ergonomic}
   size_t G1HeapRegionSize                         = 1048576                                   {product} {ergonomic}
    uintx GCDrainStackTargetSize                   = 64                                        {product} {ergonomic}
   size_t InitialHeapSize                          = 67108864                                  {product} {ergonomic}
   size_t MarkStackSize                            = 4194304                                   {product} {ergonomic}
   size_t MaxHeapSize                              = 1048576000                                {product} {ergonomic}
   size_t MaxNewSize                               = 629145600                                 {product} {ergonomic}
   size_t MinHeapDeltaBytes                        = 1048576                                   {product} {ergonomic}
   size_t MinHeapSize                              = 8388608                                   {product} {ergonomic}
    uintx NonNMethodCodeHeapSize                   = 5832780                                {pd product} {ergonomic}
    uintx NonProfiledCodeHeapSize                  = 122912730                              {pd product} {ergonomic}
    uintx ProfiledCodeHeapSize                     = 122912730                              {pd product} {ergonomic}
    uintx ReservedCodeCacheSize                    = 251658240                              {pd product} {ergonomic}
     bool SegmentedCodeCache                       = true                                      {product} {ergonomic}
   size_t SoftMaxHeapSize                          = 1048576000                             {manageable} {ergonomic}
     bool UseCompressedClassPointers               = true                           {product lp64_product} {ergonomic}
     bool UseCompressedOops                        = true                           {product lp64_product} {ergonomic}
     bool UseG1GC                                  = true                                      {product} {ergonomic}
     bool UseLargePagesIndividualAllocation        = false                                  {pd product} {ergonomic}

Logging:
Log output configuration:
 #0: stdout all=warning uptime,level,tags
 #1: stderr all=off uptime,level,tags

Environment Variables:
PATH=C:\Program Files (x86)\Intel\iCLS Client\;C:\Program Files\Intel\iCLS Client\;C:\Windows\system32;C:\Windows;C:\Windows\System32\Wbem;C:\Windows\System32\WindowsPowerShell\v1.0\;C:\Windows\System32\OpenSSH\;C:\Program Files (x86)\IDEMIA\AWP\Dlls;C:\Program Files\IDEMIA\AWP\Dlls;C:\Program Files (x86)\Windows Kits\10\Windows Performance Toolkit\;C:\Users\MacBook Air\AppData\Local\Packages\PythonSoftwareFoundation.Python.3.11_qbz5n2kfra8p0\LocalCache\local-packages\Python311\Scripts;C:\Users\MacBook Air\Downloads\Else\Git\cmd;C:\Program Files (x86)\Intel\iCLS Client\;C:\Program Files\Intel\iCLS Client\;C:\Windows\system32;C:\Windows;C:\Windows\System32\Wbem;C:\Windows\System32\WindowsPowerShell\v1.0\;C:\Windows\System32\OpenSSH\;C:\Program Files (x86)\IDEMIA\AWP\Dlls;C:\Program Files\IDEMIA\AWP\Dlls;C:\Program Files (x86)\Windows Kits\10\Windows Performance Toolkit\;C:\Users\MacBook Air\AppData\Local\Microsoft\WindowsApps;;C:\Users\MacBook Air\AppData\Local\Programs\Microsoft VS Code\bin;c:\temp;C:\Users\MacBook Air\Downloads\Else\PyCharm Community Edition 2023.2.5\bin;
USERNAME=MacBook Air
OS=Windows_NT
PROCESSOR_IDENTIFIER=Intel64 Family 6 Model 61 Stepping 4, GenuineIntel
TMP=C:\Users\MACBOO~1\AppData\Local\Temp
TEMP=C:\Users\MACBOO~1\AppData\Local\Temp



Periodic native trim disabled

JNI global refs:
JNI global refs: 9, weak refs: 13

JNI global refs memory usage: 843, weak refs: 841

OOME stack traces (most recent first):
Classloader memory used:
Loader jdk.internal.loader.ClassLoaders$AppClassLoader                                 : 5369K
Loader bootstrap                                                                       : 1297K
Loader java.net.URLClassLoader                                                         : 27534B
Loader jdk.internal.reflect.DelegatingClassLoader                                      : 11342B


---------------  S Y S T E M  ---------------

OS:
 Windows 10 , 64 bit Build 19041 (10.0.19041.1023)
OS uptime: 5 days 2:42 hours

CPU: total 4 (initial active 4) (2 cores per cpu, 2 threads per core) family 6 model 61 stepping 4 microcode 0x2d, cx8, cmov, fxsr, ht, mmx, 3dnowpref, sse, sse2, sse3, ssse3, sse4.1, sse4.2, popcnt, lzcnt, tsc, tscinvbit, avx, avx2, aes, erms, clmul, bmi1, bmi2, adx, fma, vzeroupper, clflush
Processor Information for all 4 processors :
  Max Mhz: 1601, Current Mhz: 1601, Mhz Limit: 1601

Memory: 4k page, system-wide physical 3998M (323M free)
TotalPageFile size 16286M (AvailPageFile size 65M)
current process WorkingSet (physical memory assigned to process): 203M, peak: 203M
current process commit charge ("private bytes"): 231M, peak: 344M

vm_info: OpenJDK 64-Bit Server VM (17.0.9+0--11185874) for windows-amd64 JRE (17.0.9+0--11185874), built on Dec  6 2023 18:57:44 by "androidbuild" with MS VC++ 16.10 / 16.11 (VS2019)

END.
