#
# There is insufficient memory for the Java Runtime Environment to continue.
# Native memory allocation (malloc) failed to allocate 1674832 bytes for Chunk::new
# Possible reasons:
#   The system is out of physical RAM or swap space
#   The process is running with CompressedOops enabled, and the Java Heap may be blocking the growth of the native heap
# Possible solutions:
#   Reduce memory load on the system
#   Increase physical memory or swap space
#   Check if swap backing store is full
#   Decrease Java heap size (-Xmx/-Xms)
#   Decrease number of Java threads
#   Decrease Java thread stack sizes (-Xss)
#   Set larger code cache with -XX:ReservedCodeCacheSize=
#   JVM is running with Unscaled Compressed Oops mode in which the Java heap is
#     placed in the first 4GB address space. The Java Heap base address is the
#     maximum limit for the native heap growth. Please use -XX:HeapBaseMinAddress
#     to set the Java Heap base and to place the Java Heap above 4GB virtual address.
# This output file may be truncated or incomplete.
#
#  Out of Memory Error (arena.cpp:191), pid=5608, tid=6668
#
# JRE version: OpenJDK Runtime Environment (17.0.9) (build 17.0.9+0--11185874)
# Java VM: OpenJDK 64-Bit Server VM (17.0.9+0--11185874, mixed mode, tiered, compressed oops, compressed class ptrs, g1 gc, windows-amd64)
# No core dump will be written. Minidumps are not enabled by default on client versions of Windows
#

---------------  S U M M A R Y ------------

Command Line: org.jetbrains.kotlin.cli.jvm.K2JVMCompiler @C:\Users\MacBook Air\AndroidStudioProjects\VideoPlayerApplication\app\build\20240411_10537966680551306524.compiler.options

Host: Intel(R) Core(TM) i5-5250U CPU @ 1.60GHz, 4 cores, 3G,  Windows 10 , 64 bit Build 19041 (10.0.19041.1023)
Time: Thu Apr 11 20:43:59 2024 RTZ 2 (s 10 , 64 bit Build 19041 (10.0.19041.1023) elapsed time: 6.826695 seconds (0d 0h 0m 6s)

---------------  T H R E A D  ---------------

Current thread (0x000001fb7fbce6c0):  JavaThread "C2 CompilerThread0" daemon [_thread_in_native, id=6668, stack(0x000000ae59500000,0x000000ae59600000)]


Current CompileTask:
C2:   6826 3845   !   4       org.jetbrains.kotlin.metadata.ProtoBuf$Type::<init> (875 bytes)

Stack: [0x000000ae59500000,0x000000ae59600000]
Native frames: (J=compiled Java code, j=interpreted, Vv=VM code, C=native code)
V  [jvm.dll+0x6886e9]
V  [jvm.dll+0x841e4a]
V  [jvm.dll+0x843a8e]
V  [jvm.dll+0x8440f3]
V  [jvm.dll+0x24c14f]
V  [jvm.dll+0xac44c]
V  [jvm.dll+0xaca9c]
V  [jvm.dll+0x36c1f7]
V  [jvm.dll+0x33651a]
V  [jvm.dll+0x3359ba]
V  [jvm.dll+0x21ddb1]
V  [jvm.dll+0x21d1d1]
V  [jvm.dll+0x1a674d]
V  [jvm.dll+0x22d088]
V  [jvm.dll+0x22b1c0]
V  [jvm.dll+0x7f62f7]
V  [jvm.dll+0x7f06aa]
V  [jvm.dll+0x687565]
C  [ucrtbase.dll+0x21bb2]
C  [KERNEL32.DLL+0x17034]
C  [ntdll.dll+0x52651]


---------------  P R O C E S S  ---------------

Threads class SMR info:
_java_thread_list=0x000001fb08e32100, length=12, elements={
0x000001fb6cc26b70, 0x000001fb7fba4850, 0x000001fb7fba72f0, 0x000001fb7fbcb150,
0x000001fb7fbcb920, 0x000001fb7fbcc0f0, 0x000001fb7fbcdbd0, 0x000001fb7fbce6c0,
0x000001fb08123670, 0x000001fb08125c90, 0x000001fb0826f020, 0x000001fb082793e0
}

Java Threads: ( => current thread )
  0x000001fb6cc26b70 JavaThread "main" [_thread_in_native, id=1532, stack(0x000000ae58800000,0x000000ae58900000)]
  0x000001fb7fba4850 JavaThread "Reference Handler" daemon [_thread_blocked, id=12996, stack(0x000000ae58f00000,0x000000ae59000000)]
  0x000001fb7fba72f0 JavaThread "Finalizer" daemon [_thread_blocked, id=7252, stack(0x000000ae59000000,0x000000ae59100000)]
  0x000001fb7fbcb150 JavaThread "Signal Dispatcher" daemon [_thread_blocked, id=12572, stack(0x000000ae59100000,0x000000ae59200000)]
  0x000001fb7fbcb920 JavaThread "Attach Listener" daemon [_thread_blocked, id=1252, stack(0x000000ae59200000,0x000000ae59300000)]
  0x000001fb7fbcc0f0 JavaThread "Service Thread" daemon [_thread_blocked, id=12936, stack(0x000000ae59300000,0x000000ae59400000)]
  0x000001fb7fbcdbd0 JavaThread "Monitor Deflation Thread" daemon [_thread_blocked, id=4700, stack(0x000000ae59400000,0x000000ae59500000)]
=>0x000001fb7fbce6c0 JavaThread "C2 CompilerThread0" daemon [_thread_in_native, id=6668, stack(0x000000ae59500000,0x000000ae59600000)]
  0x000001fb08123670 JavaThread "C1 CompilerThread0" daemon [_thread_in_vm, id=7264, stack(0x000000ae59600000,0x000000ae59700000)]
  0x000001fb08125c90 JavaThread "Sweeper thread" daemon [_thread_blocked, id=5628, stack(0x000000ae59700000,0x000000ae59800000)]
  0x000001fb0826f020 JavaThread "Notification Thread" daemon [_thread_blocked, id=9588, stack(0x000000ae59800000,0x000000ae59900000)]
  0x000001fb082793e0 JavaThread "Common-Cleaner" daemon [_thread_blocked, id=2056, stack(0x000000ae59a00000,0x000000ae59b00000)]

Other Threads:
  0x000001fb7fba1d20 VMThread "VM Thread" [stack: 0x000000ae58e00000,0x000000ae58f00000] [id=7128]
  0x000001fb0826f500 WatcherThread [stack: 0x000000ae59900000,0x000000ae59a00000] [id=12012]
  0x000001fb6cc65000 GCTaskThread "GC Thread#0" [stack: 0x000000ae58900000,0x000000ae58a00000] [id=9436]
  0x000001fb086a5410 GCTaskThread "GC Thread#1" [stack: 0x000000ae59b00000,0x000000ae59c00000] [id=8752]
  0x000001fb086abbd0 GCTaskThread "GC Thread#2" [stack: 0x000000ae59c00000,0x000000ae59d00000] [id=13012]
  0x000001fb086df080 GCTaskThread "GC Thread#3" [stack: 0x000000ae59d00000,0x000000ae59e00000] [id=7968]
  0x000001fb6cc6dc50 ConcurrentGCThread "G1 Main Marker" [stack: 0x000000ae58a00000,0x000000ae58b00000] [id=7340]
  0x000001fb6cc6e670 ConcurrentGCThread "G1 Conc#0" [stack: 0x000000ae58b00000,0x000000ae58c00000] [id=2976]
  0x000001fb6ccbdea0 ConcurrentGCThread "G1 Refine#0" [stack: 0x000000ae58c00000,0x000000ae58d00000] [id=7704]
  0x000001fb6ccc04f0 ConcurrentGCThread "G1 Service" [stack: 0x000000ae58d00000,0x000000ae58e00000] [id=9020]

Threads with active compile tasks:
C2 CompilerThread0     6849 3845   !   4       org.jetbrains.kotlin.metadata.ProtoBuf$Type::<init> (875 bytes)
C1 CompilerThread0     6849 4043   !   2       org.jetbrains.kotlin.com.intellij.openapi.vfs.impl.ZipHandlerBase::contentsToByteArray (243 bytes)

VM state: not at safepoint (normal execution)

VM Mutex/Monitor currently owned by a thread: None

Heap address: 0x00000000c1800000, size: 1000 MB, Compressed Oops mode: 32-bit

CDS archive(s) not mapped
Compressed class space mapped at: 0x0000000100000000-0x0000000140000000, reserved size: 1073741824
Narrow klass base: 0x0000000000000000, Narrow klass shift: 3, Narrow klass range: 0x140000000

GC Precious Log:
 CPUs: 4 total, 4 available
 Memory: 3998M
 Large Page Support: Disabled
 NUMA Support: Disabled
 Compressed Oops: Enabled (32-bit)
 Heap Region Size: 1M
 Heap Min Capacity: 8M
 Heap Initial Capacity: 64M
 Heap Max Capacity: 1000M
 Pre-touch: Disabled
 Parallel Workers: 4
 Concurrent Workers: 1
 Concurrent Refinement Workers: 4
 Periodic GC: Disabled

Heap:
 garbage-first heap   total 115712K, used 68004K [0x00000000c1800000, 0x0000000100000000)
  region size 1024K, 40 young (40960K), 3 survivors (3072K)
 Metaspace       used 51623K, committed 51904K, reserved 1114112K
  class space    used 6227K, committed 6336K, reserved 1048576K

Heap Regions: E=young(eden), S=young(survivor), O=old, HS=humongous(starts), HC=humongous(continues), CS=collection set, F=free, OA=open archive, CA=closed archive, TAMS=top-at-mark-start (previous, next)
|   0|0x00000000c1800000, 0x00000000c1900000, 0x00000000c1900000|100%|HS|  |TAMS 0x00000000c1900000, 0x00000000c1800000| Complete 
|   1|0x00000000c1900000, 0x00000000c1a00000, 0x00000000c1a00000|100%|HC|  |TAMS 0x00000000c1a00000, 0x00000000c1900000| Complete 
|   2|0x00000000c1a00000, 0x00000000c1b00000, 0x00000000c1b00000|100%|HC|  |TAMS 0x00000000c1b00000, 0x00000000c1a00000| Complete 
|   3|0x00000000c1b00000, 0x00000000c1c00000, 0x00000000c1c00000|100%|HC|  |TAMS 0x00000000c1c00000, 0x00000000c1b00000| Complete 
|   4|0x00000000c1c00000, 0x00000000c1d00000, 0x00000000c1d00000|100%| O|  |TAMS 0x00000000c1d00000, 0x00000000c1c00000| Untracked 
|   5|0x00000000c1d00000, 0x00000000c1e00000, 0x00000000c1e00000|100%| O|  |TAMS 0x00000000c1e00000, 0x00000000c1d00000| Untracked 
|   6|0x00000000c1e00000, 0x00000000c1f00000, 0x00000000c1f00000|100%| O|  |TAMS 0x00000000c1f00000, 0x00000000c1e00000| Untracked 
|   7|0x00000000c1f00000, 0x00000000c2000000, 0x00000000c2000000|100%| O|  |TAMS 0x00000000c2000000, 0x00000000c1f00000| Untracked 
|   8|0x00000000c2000000, 0x00000000c2100000, 0x00000000c2100000|100%| O|  |TAMS 0x00000000c2100000, 0x00000000c2000000| Untracked 
|   9|0x00000000c2100000, 0x00000000c2200000, 0x00000000c2200000|100%| O|  |TAMS 0x00000000c2100000, 0x00000000c2100000| Untracked 
|  10|0x00000000c2200000, 0x00000000c2300000, 0x00000000c2300000|100%| O|  |TAMS 0x00000000c2300000, 0x00000000c2200000| Untracked 
|  11|0x00000000c2300000, 0x00000000c2400000, 0x00000000c2400000|100%| O|  |TAMS 0x00000000c2400000, 0x00000000c2300000| Untracked 
|  12|0x00000000c2400000, 0x00000000c2500000, 0x00000000c2500000|100%| O|  |TAMS 0x00000000c2500000, 0x00000000c2400000| Untracked 
|  13|0x00000000c2500000, 0x00000000c2600000, 0x00000000c2600000|100%| O|  |TAMS 0x00000000c2500000, 0x00000000c2500000| Untracked 
|  14|0x00000000c2600000, 0x00000000c2700000, 0x00000000c2700000|100%| O|  |TAMS 0x00000000c2600000, 0x00000000c2600000| Untracked 
|  15|0x00000000c2700000, 0x00000000c2800000, 0x00000000c2800000|100%| O|  |TAMS 0x00000000c2800000, 0x00000000c2700000| Untracked 
|  16|0x00000000c2800000, 0x00000000c2900000, 0x00000000c2900000|100%| O|  |TAMS 0x00000000c2900000, 0x00000000c2800000| Untracked 
|  17|0x00000000c2900000, 0x00000000c2a00000, 0x00000000c2a00000|100%| O|  |TAMS 0x00000000c2a00000, 0x00000000c2900000| Untracked 
|  18|0x00000000c2a00000, 0x00000000c2b00000, 0x00000000c2b00000|100%| O|  |TAMS 0x00000000c2b00000, 0x00000000c2a00000| Untracked 
|  19|0x00000000c2b00000, 0x00000000c2c00000, 0x00000000c2c00000|100%| O|  |TAMS 0x00000000c2b00000, 0x00000000c2b00000| Untracked 
|  20|0x00000000c2c00000, 0x00000000c2d00000, 0x00000000c2d00000|100%| O|  |TAMS 0x00000000c2c00000, 0x00000000c2c00000| Untracked 
|  21|0x00000000c2d00000, 0x00000000c2e00000, 0x00000000c2e00000|100%| O|  |TAMS 0x00000000c2d00000, 0x00000000c2d00000| Untracked 
|  22|0x00000000c2e00000, 0x00000000c2f00000, 0x00000000c2f00000|100%| O|  |TAMS 0x00000000c2e00000, 0x00000000c2e00000| Untracked 
|  23|0x00000000c2f00000, 0x00000000c3000000, 0x00000000c3000000|100%|HS|  |TAMS 0x00000000c2f00000, 0x00000000c2f00000| Complete 
|  24|0x00000000c3000000, 0x00000000c3100000, 0x00000000c3100000|100%|HC|  |TAMS 0x00000000c3000000, 0x00000000c3000000| Complete 
|  25|0x00000000c3100000, 0x00000000c3200000, 0x00000000c3200000|100%| O|  |TAMS 0x00000000c3100000, 0x00000000c3100000| Untracked 
|  26|0x00000000c3200000, 0x00000000c3269000, 0x00000000c3300000| 41%| O|  |TAMS 0x00000000c3200000, 0x00000000c3200000| Untracked 
|  27|0x00000000c3300000, 0x00000000c3400000, 0x00000000c3400000|100%|HS|  |TAMS 0x00000000c3300000, 0x00000000c3300000| Complete 
|  28|0x00000000c3400000, 0x00000000c3400000, 0x00000000c3500000|  0%| F|  |TAMS 0x00000000c3400000, 0x00000000c3400000| Untracked 
|  29|0x00000000c3500000, 0x00000000c3500000, 0x00000000c3600000|  0%| F|  |TAMS 0x00000000c3500000, 0x00000000c3500000| Untracked 
|  30|0x00000000c3600000, 0x00000000c3600000, 0x00000000c3700000|  0%| F|  |TAMS 0x00000000c3600000, 0x00000000c3600000| Untracked 
|  31|0x00000000c3700000, 0x00000000c3700000, 0x00000000c3800000|  0%| F|  |TAMS 0x00000000c3700000, 0x00000000c3700000| Untracked 
|  32|0x00000000c3800000, 0x00000000c3800000, 0x00000000c3900000|  0%| F|  |TAMS 0x00000000c3800000, 0x00000000c3800000| Untracked 
|  33|0x00000000c3900000, 0x00000000c3900000, 0x00000000c3a00000|  0%| F|  |TAMS 0x00000000c3900000, 0x00000000c3900000| Untracked 
|  34|0x00000000c3a00000, 0x00000000c3b00000, 0x00000000c3b00000|100%| S|CS|TAMS 0x00000000c3a00000, 0x00000000c3a00000| Complete 
|  35|0x00000000c3b00000, 0x00000000c3c00000, 0x00000000c3c00000|100%| S|CS|TAMS 0x00000000c3b00000, 0x00000000c3b00000| Complete 
|  36|0x00000000c3c00000, 0x00000000c3c00000, 0x00000000c3d00000|  0%| F|  |TAMS 0x00000000c3c00000, 0x00000000c3c00000| Untracked 
|  37|0x00000000c3d00000, 0x00000000c3d00000, 0x00000000c3e00000|  0%| F|  |TAMS 0x00000000c3d00000, 0x00000000c3d00000| Untracked 
|  38|0x00000000c3e00000, 0x00000000c3f00000, 0x00000000c3f00000|100%| S|CS|TAMS 0x00000000c3e00000, 0x00000000c3e00000| Complete 
|  39|0x00000000c3f00000, 0x00000000c3f00000, 0x00000000c4000000|  0%| F|  |TAMS 0x00000000c3f00000, 0x00000000c3f00000| Untracked 
|  40|0x00000000c4000000, 0x00000000c4000000, 0x00000000c4100000|  0%| F|  |TAMS 0x00000000c4000000, 0x00000000c4000000| Untracked 
|  41|0x00000000c4100000, 0x00000000c4100000, 0x00000000c4200000|  0%| F|  |TAMS 0x00000000c4100000, 0x00000000c4100000| Untracked 
|  42|0x00000000c4200000, 0x00000000c4200000, 0x00000000c4300000|  0%| F|  |TAMS 0x00000000c4200000, 0x00000000c4200000| Untracked 
|  43|0x00000000c4300000, 0x00000000c4300000, 0x00000000c4400000|  0%| F|  |TAMS 0x00000000c4300000, 0x00000000c4300000| Untracked 
|  44|0x00000000c4400000, 0x00000000c4400000, 0x00000000c4500000|  0%| F|  |TAMS 0x00000000c4400000, 0x00000000c4400000| Untracked 
|  45|0x00000000c4500000, 0x00000000c4500000, 0x00000000c4600000|  0%| F|  |TAMS 0x00000000c4500000, 0x00000000c4500000| Untracked 
|  46|0x00000000c4600000, 0x00000000c4600000, 0x00000000c4700000|  0%| F|  |TAMS 0x00000000c4600000, 0x00000000c4600000| Untracked 
|  47|0x00000000c4700000, 0x00000000c4700000, 0x00000000c4800000|  0%| F|  |TAMS 0x00000000c4700000, 0x00000000c4700000| Untracked 
|  48|0x00000000c4800000, 0x00000000c4800000, 0x00000000c4900000|  0%| F|  |TAMS 0x00000000c4800000, 0x00000000c4800000| Untracked 
|  49|0x00000000c4900000, 0x00000000c4900000, 0x00000000c4a00000|  0%| F|  |TAMS 0x00000000c4900000, 0x00000000c4900000| Untracked 
|  50|0x00000000c4a00000, 0x00000000c4a00000, 0x00000000c4b00000|  0%| F|  |TAMS 0x00000000c4a00000, 0x00000000c4a00000| Untracked 
|  51|0x00000000c4b00000, 0x00000000c4b00000, 0x00000000c4c00000|  0%| F|  |TAMS 0x00000000c4b00000, 0x00000000c4b00000| Untracked 
|  52|0x00000000c4c00000, 0x00000000c4c00000, 0x00000000c4d00000|  0%| F|  |TAMS 0x00000000c4c00000, 0x00000000c4c00000| Untracked 
|  53|0x00000000c4d00000, 0x00000000c4d00000, 0x00000000c4e00000|  0%| F|  |TAMS 0x00000000c4d00000, 0x00000000c4d00000| Untracked 
|  54|0x00000000c4e00000, 0x00000000c4e00000, 0x00000000c4f00000|  0%| F|  |TAMS 0x00000000c4e00000, 0x00000000c4e00000| Untracked 
|  55|0x00000000c4f00000, 0x00000000c4f00000, 0x00000000c5000000|  0%| F|  |TAMS 0x00000000c4f00000, 0x00000000c4f00000| Untracked 
|  56|0x00000000c5000000, 0x00000000c5000000, 0x00000000c5100000|  0%| F|  |TAMS 0x00000000c5000000, 0x00000000c5000000| Untracked 
|  57|0x00000000c5100000, 0x00000000c5100000, 0x00000000c5200000|  0%| F|  |TAMS 0x00000000c5100000, 0x00000000c5100000| Untracked 
|  58|0x00000000c5200000, 0x00000000c5200000, 0x00000000c5300000|  0%| F|  |TAMS 0x00000000c5200000, 0x00000000c5200000| Untracked 
|  59|0x00000000c5300000, 0x00000000c5300000, 0x00000000c5400000|  0%| F|  |TAMS 0x00000000c5300000, 0x00000000c5300000| Untracked 
|  60|0x00000000c5400000, 0x00000000c5400000, 0x00000000c5500000|  0%| F|  |TAMS 0x00000000c5400000, 0x00000000c5400000| Untracked 
|  61|0x00000000c5500000, 0x00000000c5500000, 0x00000000c5600000|  0%| F|  |TAMS 0x00000000c5500000, 0x00000000c5500000| Untracked 
|  62|0x00000000c5600000, 0x00000000c5600000, 0x00000000c5700000|  0%| F|  |TAMS 0x00000000c5600000, 0x00000000c5600000| Untracked 
|  63|0x00000000c5700000, 0x00000000c5700000, 0x00000000c5800000|  0%| F|  |TAMS 0x00000000c5700000, 0x00000000c5700000| Untracked 
|  64|0x00000000c5800000, 0x00000000c5800000, 0x00000000c5900000|  0%| F|  |TAMS 0x00000000c5800000, 0x00000000c5800000| Untracked 
|  65|0x00000000c5900000, 0x00000000c5900000, 0x00000000c5a00000|  0%| F|  |TAMS 0x00000000c5900000, 0x00000000c5900000| Untracked 
|  66|0x00000000c5a00000, 0x00000000c5a00000, 0x00000000c5b00000|  0%| F|  |TAMS 0x00000000c5a00000, 0x00000000c5a00000| Untracked 
|  67|0x00000000c5b00000, 0x00000000c5b00000, 0x00000000c5c00000|  0%| F|  |TAMS 0x00000000c5b00000, 0x00000000c5b00000| Untracked 
|  68|0x00000000c5c00000, 0x00000000c5c00000, 0x00000000c5d00000|  0%| F|  |TAMS 0x00000000c5c00000, 0x00000000c5c00000| Untracked 
|  69|0x00000000c5d00000, 0x00000000c5d00000, 0x00000000c5e00000|  0%| F|  |TAMS 0x00000000c5d00000, 0x00000000c5d00000| Untracked 
|  70|0x00000000c5e00000, 0x00000000c5e00000, 0x00000000c5f00000|  0%| F|  |TAMS 0x00000000c5e00000, 0x00000000c5e00000| Untracked 
|  71|0x00000000c5f00000, 0x00000000c5f00000, 0x00000000c6000000|  0%| F|  |TAMS 0x00000000c5f00000, 0x00000000c5f00000| Untracked 
|  72|0x00000000c6000000, 0x00000000c6000000, 0x00000000c6100000|  0%| F|  |TAMS 0x00000000c6000000, 0x00000000c6000000| Untracked 
|  73|0x00000000c6100000, 0x00000000c6100000, 0x00000000c6200000|  0%| F|  |TAMS 0x00000000c6100000, 0x00000000c6100000| Untracked 
|  74|0x00000000c6200000, 0x00000000c6200000, 0x00000000c6300000|  0%| F|  |TAMS 0x00000000c6200000, 0x00000000c6200000| Untracked 
|  75|0x00000000c6300000, 0x00000000c6380800, 0x00000000c6400000| 50%| E|  |TAMS 0x00000000c6300000, 0x00000000c6300000| Complete 
|  76|0x00000000c6400000, 0x00000000c6500000, 0x00000000c6500000|100%| E|CS|TAMS 0x00000000c6400000, 0x00000000c6400000| Complete 
|  77|0x00000000c6500000, 0x00000000c6600000, 0x00000000c6600000|100%| E|CS|TAMS 0x00000000c6500000, 0x00000000c6500000| Complete 
|  78|0x00000000c6600000, 0x00000000c6700000, 0x00000000c6700000|100%| E|CS|TAMS 0x00000000c6600000, 0x00000000c6600000| Complete 
|  79|0x00000000c6700000, 0x00000000c6800000, 0x00000000c6800000|100%| E|CS|TAMS 0x00000000c6700000, 0x00000000c6700000| Complete 
|  80|0x00000000c6800000, 0x00000000c6900000, 0x00000000c6900000|100%| E|CS|TAMS 0x00000000c6800000, 0x00000000c6800000| Complete 
|  81|0x00000000c6900000, 0x00000000c6a00000, 0x00000000c6a00000|100%| E|CS|TAMS 0x00000000c6900000, 0x00000000c6900000| Complete 
|  82|0x00000000c6a00000, 0x00000000c6b00000, 0x00000000c6b00000|100%| E|CS|TAMS 0x00000000c6a00000, 0x00000000c6a00000| Complete 
|  83|0x00000000c6b00000, 0x00000000c6c00000, 0x00000000c6c00000|100%| E|CS|TAMS 0x00000000c6b00000, 0x00000000c6b00000| Complete 
|  84|0x00000000c6c00000, 0x00000000c6d00000, 0x00000000c6d00000|100%| E|CS|TAMS 0x00000000c6c00000, 0x00000000c6c00000| Complete 
|  85|0x00000000c6d00000, 0x00000000c6e00000, 0x00000000c6e00000|100%| E|CS|TAMS 0x00000000c6d00000, 0x00000000c6d00000| Complete 
|  86|0x00000000c6e00000, 0x00000000c6f00000, 0x00000000c6f00000|100%| E|CS|TAMS 0x00000000c6e00000, 0x00000000c6e00000| Complete 
|  87|0x00000000c6f00000, 0x00000000c7000000, 0x00000000c7000000|100%| E|CS|TAMS 0x00000000c6f00000, 0x00000000c6f00000| Complete 
|  88|0x00000000c7000000, 0x00000000c7100000, 0x00000000c7100000|100%| E|CS|TAMS 0x00000000c7000000, 0x00000000c7000000| Complete 
|  89|0x00000000c7100000, 0x00000000c7200000, 0x00000000c7200000|100%| E|CS|TAMS 0x00000000c7100000, 0x00000000c7100000| Complete 
|  90|0x00000000c7200000, 0x00000000c7300000, 0x00000000c7300000|100%| E|CS|TAMS 0x00000000c7200000, 0x00000000c7200000| Complete 
|  91|0x00000000c7300000, 0x00000000c7400000, 0x00000000c7400000|100%| E|CS|TAMS 0x00000000c7300000, 0x00000000c7300000| Complete 
|  92|0x00000000c7400000, 0x00000000c7500000, 0x00000000c7500000|100%| E|CS|TAMS 0x00000000c7400000, 0x00000000c7400000| Complete 
|  93|0x00000000c7500000, 0x00000000c7600000, 0x00000000c7600000|100%| E|CS|TAMS 0x00000000c7500000, 0x00000000c7500000| Complete 
|  94|0x00000000c7600000, 0x00000000c7700000, 0x00000000c7700000|100%| E|CS|TAMS 0x00000000c7600000, 0x00000000c7600000| Complete 
|  95|0x00000000c7700000, 0x00000000c7800000, 0x00000000c7800000|100%| E|CS|TAMS 0x00000000c7700000, 0x00000000c7700000| Complete 
|  96|0x00000000c7800000, 0x00000000c7900000, 0x00000000c7900000|100%| E|CS|TAMS 0x00000000c7800000, 0x00000000c7800000| Complete 
|  97|0x00000000c7900000, 0x00000000c7a00000, 0x00000000c7a00000|100%| E|CS|TAMS 0x00000000c7900000, 0x00000000c7900000| Complete 
|  98|0x00000000c7a00000, 0x00000000c7b00000, 0x00000000c7b00000|100%| E|CS|TAMS 0x00000000c7a00000, 0x00000000c7a00000| Complete 
|  99|0x00000000c7b00000, 0x00000000c7c00000, 0x00000000c7c00000|100%| E|CS|TAMS 0x00000000c7b00000, 0x00000000c7b00000| Complete 
| 100|0x00000000c7c00000, 0x00000000c7d00000, 0x00000000c7d00000|100%| E|CS|TAMS 0x00000000c7c00000, 0x00000000c7c00000| Complete 
| 101|0x00000000c7d00000, 0x00000000c7e00000, 0x00000000c7e00000|100%| E|CS|TAMS 0x00000000c7d00000, 0x00000000c7d00000| Complete 
| 102|0x00000000c7e00000, 0x00000000c7f00000, 0x00000000c7f00000|100%| E|CS|TAMS 0x00000000c7e00000, 0x00000000c7e00000| Complete 
| 103|0x00000000c7f00000, 0x00000000c8000000, 0x00000000c8000000|100%| E|CS|TAMS 0x00000000c7f00000, 0x00000000c7f00000| Complete 
| 104|0x00000000c8000000, 0x00000000c8100000, 0x00000000c8100000|100%| E|CS|TAMS 0x00000000c8000000, 0x00000000c8000000| Complete 
| 105|0x00000000c8100000, 0x00000000c8200000, 0x00000000c8200000|100%| E|CS|TAMS 0x00000000c8100000, 0x00000000c8100000| Complete 
| 106|0x00000000c8200000, 0x00000000c8300000, 0x00000000c8300000|100%| E|CS|TAMS 0x00000000c8200000, 0x00000000c8200000| Complete 
| 107|0x00000000c8300000, 0x00000000c8400000, 0x00000000c8400000|100%| E|CS|TAMS 0x00000000c8300000, 0x00000000c8300000| Complete 
| 108|0x00000000c8400000, 0x00000000c8500000, 0x00000000c8500000|100%| E|CS|TAMS 0x00000000c8400000, 0x00000000c8400000| Complete 
| 109|0x00000000c8500000, 0x00000000c8600000, 0x00000000c8600000|100%| E|CS|TAMS 0x00000000c8500000, 0x00000000c8500000| Complete 
| 110|0x00000000c8600000, 0x00000000c8700000, 0x00000000c8700000|100%| E|CS|TAMS 0x00000000c8600000, 0x00000000c8600000| Complete 
| 111|0x00000000c8700000, 0x00000000c8800000, 0x00000000c8800000|100%| E|CS|TAMS 0x00000000c8700000, 0x00000000c8700000| Complete 
| 112|0x00000000c8800000, 0x00000000c8900000, 0x00000000c8900000|100%| E|CS|TAMS 0x00000000c8800000, 0x00000000c8800000| Complete 

Card table byte_map: [0x000001fb7f310000,0x000001fb7f510000] _byte_map_base: 0x000001fb7ed04000

Marking Bits (Prev, Next): (CMBitMap*) 0x000001fb6cc65620, (CMBitMap*) 0x000001fb6cc65660
 Prev Bits: [0x000001fb00000000, 0x000001fb00fa0000)
 Next Bits: [0x000001fb00fa0000, 0x000001fb01f40000)

Polling page: 0x000001fb6abb0000

Metaspace:

Usage:
  Non-class:     44.34 MB used.
      Class:      6.08 MB used.
       Both:     50.42 MB used.

Virtual space:
  Non-class space:       64.00 MB reserved,      44.50 MB ( 70%) committed,  1 nodes.
      Class space:        1.00 GB reserved,       6.19 MB ( <1%) committed,  1 nodes.
             Both:        1.06 GB reserved,      50.69 MB (  5%) committed. 

Chunk freelists:
   Non-Class:  3.55 MB
       Class:  9.80 MB
        Both:  13.35 MB

MaxMetaspaceSize: unlimited
CompressedClassSpaceSize: 1.00 GB
Initial GC threshold: 21.00 MB
Current GC threshold: 59.00 MB
CDS: off
MetaspaceReclaimPolicy: balanced
 - commit_granule_bytes: 65536.
 - commit_granule_words: 8192.
 - virtual_space_node_default_size: 8388608.
 - enlarge_chunks_in_place: 1.
 - new_chunks_are_fully_committed: 0.
 - uncommit_free_chunks: 1.
 - use_allocation_guard: 0.
 - handle_deallocations: 1.


Internal statistics:

num_allocs_failed_limit: 6.
num_arena_births: 190.
num_arena_deaths: 0.
num_vsnodes_births: 2.
num_vsnodes_deaths: 0.
num_space_committed: 809.
num_space_uncommitted: 0.
num_chunks_returned_to_freelist: 6.
num_chunks_taken_from_freelist: 1697.
num_chunk_merges: 6.
num_chunk_splits: 1421.
num_chunks_enlarged: 1276.
num_inconsistent_stats: 0.

CodeHeap 'non-profiled nmethods': size=120000Kb used=1496Kb max_used=1496Kb free=118503Kb
 bounds [0x000001fb77be0000, 0x000001fb77e50000, 0x000001fb7f110000]
CodeHeap 'profiled nmethods': size=120000Kb used=8065Kb max_used=8065Kb free=111934Kb
 bounds [0x000001fb70110000, 0x000001fb70900000, 0x000001fb77640000]
CodeHeap 'non-nmethods': size=5760Kb used=1278Kb max_used=1312Kb free=4481Kb
 bounds [0x000001fb77640000, 0x000001fb778b0000, 0x000001fb77be0000]
 total_blobs=4595 nmethods=4003 adapters=504
 compilation: enabled
              stopped_count=0, restarted_count=0
 full_count=0

Compilation events (20 events):
Event: 6.818 Thread 0x000001fb08123670 nmethod 3991 0x000001fb708d8710 code [0x000001fb708d88c0, 0x000001fb708d8aa8]
Event: 6.818 Thread 0x000001fb08123670 3992       1       org.jetbrains.kotlin.com.intellij.mock.MockDumbService::isDumb (2 bytes)
Event: 6.818 Thread 0x000001fb08123670 nmethod 3992 0x000001fb77d52d90 code [0x000001fb77d52f20, 0x000001fb77d52ff8]
Event: 6.818 Thread 0x000001fb08123670 3993       2       org.jetbrains.kotlin.progress.ProgressIndicatorAndCompilationCanceledStatus::checkCanceled (20 bytes)
Event: 6.818 Thread 0x000001fb08123670 nmethod 3993 0x000001fb708d8c10 code [0x000001fb708d8dc0, 0x000001fb708d8f18]
Event: 6.818 Thread 0x000001fb08123670 3994       2       org.jetbrains.kotlin.psi.KtElementImplStub::getParent (18 bytes)
Event: 6.819 Thread 0x000001fb08123670 nmethod 3994 0x000001fb708d9010 code [0x000001fb708d9200, 0x000001fb708d9558]
Event: 6.819 Thread 0x000001fb08123670 3995       2       org.jetbrains.kotlin.psi.psiUtil.KtPsiUtilKt::getParentSubstitute (25 bytes)
Event: 6.820 Thread 0x000001fb08123670 nmethod 3995 0x000001fb708d9810 code [0x000001fb708d9aa0, 0x000001fb708da128]
Event: 6.820 Thread 0x000001fb08123670 3996       2       org.jetbrains.kotlin.com.intellij.extapi.psi.StubBasedPsiElementBase::getParent (44 bytes)
Event: 6.821 Thread 0x000001fb08123670 nmethod 3996 0x000001fb708da590 code [0x000001fb708da760, 0x000001fb708da948]
Event: 6.821 Thread 0x000001fb08123670 3997       2       java.util.AbstractList$SubList$1::hasPrevious (13 bytes)
Event: 6.821 Thread 0x000001fb08123670 nmethod 3997 0x000001fb708dab90 code [0x000001fb708dad20, 0x000001fb708dae88]
Event: 6.821 Thread 0x000001fb08123670 3998       2       org.jetbrains.kotlin.psi.KtDotQualifiedExpression::<init> (12 bytes)
Event: 6.821 Thread 0x000001fb08123670 nmethod 3998 0x000001fb708daf90 code [0x000001fb708db180, 0x000001fb708db488]
Event: 6.821 Thread 0x000001fb08123670 4000       2       java.util.AbstractList$SubList$1::next (25 bytes)
Event: 6.822 Thread 0x000001fb08123670 nmethod 4000 0x000001fb708db690 code [0x000001fb708db860, 0x000001fb708dbaa8]
Event: 6.822 Thread 0x000001fb08123670 3999       1       org.jetbrains.kotlin.resolve.QualifiedExpressionResolver$ExpressionQualifierPart::getExpression (5 bytes)
Event: 6.822 Thread 0x000001fb08123670 nmethod 3999 0x000001fb77d53090 code [0x000001fb77d53220, 0x000001fb77d532f8]
Event: 6.822 Thread 0x000001fb08123670 4001   !   2       jdk.internal.reflect.GeneratedConstructorAccessor6::newInstance (53 bytes)

GC Heap History (20 events):
Event: 2.786 GC heap before
{Heap before GC invocations=2 (full 0):
 garbage-first heap   total 65536K, used 32441K [0x00000000c1800000, 0x0000000100000000)
  region size 1024K, 27 young (27648K), 2 survivors (2048K)
 Metaspace       used 21371K, committed 21504K, reserved 1114112K
  class space    used 2332K, committed 2432K, reserved 1048576K
}
Event: 2.795 GC heap after
{Heap after GC invocations=3 (full 0):
 garbage-first heap   total 65536K, used 10432K [0x00000000c1800000, 0x0000000100000000)
  region size 1024K, 5 young (5120K), 5 survivors (5120K)
 Metaspace       used 21371K, committed 21504K, reserved 1114112K
  class space    used 2332K, committed 2432K, reserved 1048576K
}
Event: 3.827 GC heap before
{Heap before GC invocations=4 (full 0):
 garbage-first heap   total 45056K, used 31936K [0x00000000c1800000, 0x0000000100000000)
  region size 1024K, 26 young (26624K), 5 survivors (5120K)
 Metaspace       used 28394K, committed 28608K, reserved 1114112K
  class space    used 3498K, committed 3584K, reserved 1048576K
}
Event: 3.836 GC heap after
{Heap after GC invocations=5 (full 0):
 garbage-first heap   total 45056K, used 11549K [0x00000000c1800000, 0x0000000100000000)
  region size 1024K, 2 young (2048K), 2 survivors (2048K)
 Metaspace       used 28394K, committed 28608K, reserved 1114112K
  class space    used 3498K, committed 3584K, reserved 1048576K
}
Event: 3.874 GC heap before
{Heap before GC invocations=5 (full 0):
 garbage-first heap   total 45056K, used 11549K [0x00000000c1800000, 0x0000000100000000)
  region size 1024K, 3 young (3072K), 2 survivors (2048K)
 Metaspace       used 28697K, committed 28864K, reserved 1114112K
  class space    used 3580K, committed 3648K, reserved 1048576K
}
Event: 3.877 GC heap after
{Heap after GC invocations=6 (full 0):
 garbage-first heap   total 45056K, used 11885K [0x00000000c1800000, 0x0000000100000000)
  region size 1024K, 1 young (1024K), 1 survivors (1024K)
 Metaspace       used 28697K, committed 28864K, reserved 1114112K
  class space    used 3580K, committed 3648K, reserved 1048576K
}
Event: 4.092 GC heap before
{Heap before GC invocations=6 (full 0):
 garbage-first heap   total 45056K, used 33389K [0x00000000c1800000, 0x0000000100000000)
  region size 1024K, 20 young (20480K), 1 survivors (1024K)
 Metaspace       used 29374K, committed 29632K, reserved 1114112K
  class space    used 3622K, committed 3712K, reserved 1048576K
}
Event: 4.102 GC heap after
{Heap after GC invocations=7 (full 0):
 garbage-first heap   total 45056K, used 19337K [0x00000000c1800000, 0x0000000100000000)
  region size 1024K, 3 young (3072K), 3 survivors (3072K)
 Metaspace       used 29374K, committed 29632K, reserved 1114112K
  class space    used 3622K, committed 3712K, reserved 1048576K
}
Event: 4.451 GC heap before
{Heap before GC invocations=7 (full 0):
 garbage-first heap   total 45056K, used 32649K [0x00000000c1800000, 0x0000000100000000)
  region size 1024K, 16 young (16384K), 3 survivors (3072K)
 Metaspace       used 33182K, committed 33408K, reserved 1114112K
  class space    used 4248K, committed 4352K, reserved 1048576K
}
Event: 4.462 GC heap after
{Heap after GC invocations=8 (full 0):
 garbage-first heap   total 61440K, used 20872K [0x00000000c1800000, 0x0000000100000000)
  region size 1024K, 2 young (2048K), 2 survivors (2048K)
 Metaspace       used 33182K, committed 33408K, reserved 1114112K
  class space    used 4248K, committed 4352K, reserved 1048576K
}
Event: 4.757 GC heap before
{Heap before GC invocations=8 (full 0):
 garbage-first heap   total 61440K, used 35208K [0x00000000c1800000, 0x0000000100000000)
  region size 1024K, 18 young (18432K), 2 survivors (2048K)
 Metaspace       used 35764K, committed 35968K, reserved 1114112K
  class space    used 4534K, committed 4672K, reserved 1048576K
}
Event: 4.764 GC heap after
{Heap after GC invocations=9 (full 0):
 garbage-first heap   total 61440K, used 20746K [0x00000000c1800000, 0x0000000100000000)
  region size 1024K, 3 young (3072K), 3 survivors (3072K)
 Metaspace       used 35764K, committed 35968K, reserved 1114112K
  class space    used 4534K, committed 4672K, reserved 1048576K
}
Event: 5.230 GC heap before
{Heap before GC invocations=10 (full 0):
 garbage-first heap   total 61440K, used 42250K [0x00000000c1800000, 0x0000000100000000)
  region size 1024K, 25 young (25600K), 3 survivors (3072K)
 Metaspace       used 40304K, committed 40576K, reserved 1114112K
  class space    used 4946K, committed 5056K, reserved 1048576K
}
Event: 5.239 GC heap after
{Heap after GC invocations=11 (full 0):
 garbage-first heap   total 61440K, used 23334K [0x00000000c1800000, 0x0000000100000000)
  region size 1024K, 4 young (4096K), 4 survivors (4096K)
 Metaspace       used 40304K, committed 40576K, reserved 1114112K
  class space    used 4946K, committed 5056K, reserved 1048576K
}
Event: 5.257 GC heap before
{Heap before GC invocations=11 (full 0):
 garbage-first heap   total 61440K, used 23334K [0x00000000c1800000, 0x0000000100000000)
  region size 1024K, 5 young (5120K), 4 survivors (4096K)
 Metaspace       used 40557K, committed 40768K, reserved 1114112K
  class space    used 4976K, committed 5056K, reserved 1048576K
}
Event: 5.263 GC heap after
{Heap after GC invocations=12 (full 0):
 garbage-first heap   total 61440K, used 23256K [0x00000000c1800000, 0x0000000100000000)
  region size 1024K, 1 young (1024K), 1 survivors (1024K)
 Metaspace       used 40557K, committed 40768K, reserved 1114112K
  class space    used 4976K, committed 5056K, reserved 1048576K
}
Event: 5.823 GC heap before
{Heap before GC invocations=12 (full 0):
 garbage-first heap   total 61440K, used 44760K [0x00000000c1800000, 0x0000000100000000)
  region size 1024K, 22 young (22528K), 1 survivors (1024K)
 Metaspace       used 45297K, committed 45568K, reserved 1114112K
  class space    used 5513K, committed 5632K, reserved 1048576K
}
Event: 5.829 GC heap after
{Heap after GC invocations=13 (full 0):
 garbage-first heap   total 61440K, used 24426K [0x00000000c1800000, 0x0000000100000000)
  region size 1024K, 2 young (2048K), 2 survivors (2048K)
 Metaspace       used 45297K, committed 45568K, reserved 1114112K
  class space    used 5513K, committed 5632K, reserved 1048576K
}
Event: 6.339 GC heap before
{Heap before GC invocations=13 (full 0):
 garbage-first heap   total 61440K, used 46954K [0x00000000c1800000, 0x0000000100000000)
  region size 1024K, 23 young (23552K), 2 survivors (2048K)
 Metaspace       used 48932K, committed 49152K, reserved 1114112K
  class space    used 5961K, committed 6080K, reserved 1048576K
}
Event: 6.350 GC heap after
{Heap after GC invocations=14 (full 0):
 garbage-first heap   total 115712K, used 30116K [0x00000000c1800000, 0x0000000100000000)
  region size 1024K, 3 young (3072K), 3 survivors (3072K)
 Metaspace       used 48932K, committed 49152K, reserved 1114112K
  class space    used 5961K, committed 6080K, reserved 1048576K
}

Dll operation events (2 events):
Event: 0.011 Loaded shared library C:\Program Files\Android\Android Studio\jbr\bin\java.dll
Event: 3.578 Loaded shared library C:\Program Files\Android\Android Studio\jbr\bin\verify.dll

Deoptimization events (20 events):
Event: 6.293 Thread 0x000001fb6cc26b70 DEOPT PACKING pc=0x000001fb77cb9d38 sp=0x000000ae588fb690
Event: 6.293 Thread 0x000001fb6cc26b70 DEOPT UNPACKING pc=0x000001fb776969a3 sp=0x000000ae588fb628 mode 2
Event: 6.373 Thread 0x000001fb6cc26b70 Uncommon trap: trap_request=0xffffff45 fr.pc=0x000001fb77d30130 relative=0x0000000000000210
Event: 6.373 Thread 0x000001fb6cc26b70 Uncommon trap: reason=unstable_if action=reinterpret pc=0x000001fb77d30130 method=org.jetbrains.kotlin.name.Name.hashCode()I @ 16 c2
Event: 6.373 Thread 0x000001fb6cc26b70 DEOPT PACKING pc=0x000001fb77d30130 sp=0x000000ae588fd500
Event: 6.373 Thread 0x000001fb6cc26b70 DEOPT UNPACKING pc=0x000001fb776969a3 sp=0x000000ae588fd498 mode 2
Event: 6.492 Thread 0x000001fb6cc26b70 Uncommon trap: trap_request=0xffffff45 fr.pc=0x000001fb77d3ab18 relative=0x00000000000000f8
Event: 6.492 Thread 0x000001fb6cc26b70 Uncommon trap: reason=unstable_if action=reinterpret pc=0x000001fb77d3ab18 method=org.jetbrains.kotlin.com.intellij.util.keyFMap.ArrayBackedFMap.indexOf(I)I @ 27 c2
Event: 6.492 Thread 0x000001fb6cc26b70 DEOPT PACKING pc=0x000001fb77d3ab18 sp=0x000000ae588fcd30
Event: 6.492 Thread 0x000001fb6cc26b70 DEOPT UNPACKING pc=0x000001fb776969a3 sp=0x000000ae588fcca8 mode 2
Event: 6.577 Thread 0x000001fb6cc26b70 DEOPT PACKING pc=0x000001fb704665be sp=0x000000ae588fc070
Event: 6.577 Thread 0x000001fb6cc26b70 DEOPT UNPACKING pc=0x000001fb77697143 sp=0x000000ae588fb4e8 mode 0
Event: 6.772 Thread 0x000001fb6cc26b70 Uncommon trap: trap_request=0xffffff45 fr.pc=0x000001fb77d327f8 relative=0x0000000000000078
Event: 6.772 Thread 0x000001fb6cc26b70 Uncommon trap: reason=unstable_if action=reinterpret pc=0x000001fb77d327f8 method=org.jetbrains.kotlin.parsing.AbstractKotlinParsing.tokenMatches(Lorg/jetbrains/kotlin/com/intellij/psi/tree/IElementType;Lorg/jetbrains/kotlin/com/intellij/psi/tree/IElement
Event: 6.772 Thread 0x000001fb6cc26b70 DEOPT PACKING pc=0x000001fb77d327f8 sp=0x000000ae588fbe90
Event: 6.772 Thread 0x000001fb6cc26b70 DEOPT UNPACKING pc=0x000001fb776969a3 sp=0x000000ae588fbe10 mode 2
Event: 6.806 Thread 0x000001fb6cc26b70 Uncommon trap: trap_request=0xffffff45 fr.pc=0x000001fb77d20004 relative=0x00000000000002c4
Event: 6.806 Thread 0x000001fb6cc26b70 Uncommon trap: reason=unstable_if action=reinterpret pc=0x000001fb77d20004 method=java.util.HashMap.hash(Ljava/lang/Object;)I @ 1 c2
Event: 6.806 Thread 0x000001fb6cc26b70 DEOPT PACKING pc=0x000001fb77d20004 sp=0x000000ae588fbad0
Event: 6.806 Thread 0x000001fb6cc26b70 DEOPT UNPACKING pc=0x000001fb776969a3 sp=0x000000ae588fb960 mode 2

Classes unloaded (0 events):
No events

Classes redefined (0 events):
No events

Internal exceptions (20 events):
Event: 2.883 Thread 0x000001fb6cc26b70 Exception <a 'java/lang/NoSuchMethodError'{0x00000000c4019f30}: 'int java.lang.invoke.DelegatingMethodHandle$Holder.reinvoke_L(java.lang.Object, java.lang.Object, java.lang.Object, long, int, int)'> (0x00000000c4019f30) 
thrown [s\src\hotspot\share\interpreter\linkResolver.cpp, line 771]
Event: 2.885 Thread 0x000001fb6cc26b70 Exception <a 'java/lang/NoSuchMethodError'{0x00000000c4028868}: 'int java.lang.invoke.DelegatingMethodHandle$Holder.reinvoke_L(java.lang.Object, java.lang.Object, java.lang.Object, long, long, long)'> (0x00000000c4028868) 
thrown [s\src\hotspot\share\interpreter\linkResolver.cpp, line 771]
Event: 2.887 Thread 0x000001fb6cc26b70 Exception <a 'java/lang/NoSuchMethodError'{0x00000000c4036e80}: 'int java.lang.invoke.DelegatingMethodHandle$Holder.reinvoke_L(java.lang.Object, java.lang.Object, java.lang.Object, long, int)'> (0x00000000c4036e80) 
thrown [s\src\hotspot\share\interpreter\linkResolver.cpp, line 771]
Event: 2.930 Thread 0x000001fb6cc26b70 Exception <a 'java/lang/NoSuchMethodError'{0x00000000c40df5a8}: 'int java.lang.invoke.DirectMethodHandle$Holder.invokeStaticInit(java.lang.Object, java.lang.Object, java.lang.Object)'> (0x00000000c40df5a8) 
thrown [s\src\hotspot\share\interpreter\linkResolver.cpp, line 771]
Event: 2.935 Thread 0x000001fb6cc26b70 Exception <a 'java/lang/NoSuchMethodError'{0x00000000c3f07c30}: 'int java.lang.invoke.DirectMethodHandle$Holder.invokeStaticInit(java.lang.Object, java.lang.Object)'> (0x00000000c3f07c30) 
thrown [s\src\hotspot\share\interpreter\linkResolver.cpp, line 771]
Event: 3.005 Thread 0x000001fb6cc26b70 Exception <a 'java/lang/NoSuchMethodError'{0x00000000c3fe6c70}: 'void java.lang.invoke.DirectMethodHandle$Holder.invokeSpecial(java.lang.Object, java.lang.Object, java.lang.Object)'> (0x00000000c3fe6c70) 
thrown [s\src\hotspot\share\interpreter\linkResolver.cpp, line 771]
Event: 3.278 Thread 0x000001fb6cc26b70 Exception <a 'java/lang/NoSuchMethodError'{0x00000000c360eff0}: 'void java.lang.invoke.DirectMethodHandle$Holder.invokeStatic(java.lang.Object, java.lang.Object, java.lang.Object, java.lang.Object)'> (0x00000000c360eff0) 
thrown [s\src\hotspot\share\interpreter\linkResolver.cpp, line 771]
Event: 3.520 Thread 0x000001fb6cc26b70 Exception <a 'java/lang/NoSuchMethodError'{0x00000000c33cfc50}: 'void java.lang.invoke.DirectMethodHandle$Holder.invokeStaticInit(java.lang.Object, java.lang.Object)'> (0x00000000c33cfc50) 
thrown [s\src\hotspot\share\interpreter\linkResolver.cpp, line 771]
Event: 3.678 Thread 0x000001fb6cc26b70 Exception <a 'java/lang/NoSuchMethodError'{0x00000000c2d5c330}: 'void java.lang.invoke.DirectMethodHandle$Holder.invokeVirtual(java.lang.Object, java.lang.Object)'> (0x00000000c2d5c330) 
thrown [s\src\hotspot\share\interpreter\linkResolver.cpp, line 771]
Event: 3.690 Thread 0x000001fb6cc26b70 Exception <a 'java/lang/NoSuchMethodError'{0x00000000c2da7d50}: 'int java.lang.invoke.DirectMethodHandle$Holder.invokeVirtual(java.lang.Object, java.lang.Object)'> (0x00000000c2da7d50) 
thrown [s\src\hotspot\share\interpreter\linkResolver.cpp, line 771]
Event: 3.709 Thread 0x000001fb6cc26b70 Exception <a 'java/lang/NoSuchMethodError'{0x00000000c2c40e50}: 'java.lang.Object java.lang.invoke.Invokers$Holder.invokeExact_MT(java.lang.Object, java.lang.Object, java.lang.Object, java.lang.Object, java.lang.Object, java.lang.Object)'> (0x00000000c2c40e50) 
thrown [s\src\hotspot\share\interpreter\linkResolver.cpp, line 771]
Event: 4.355 Thread 0x000001fb6cc26b70 Implicit null exception at 0x000001fb77bf9172 to 0x000001fb77bf9744
Event: 4.519 Thread 0x000001fb6cc26b70 Implicit null exception at 0x000001fb77bfa6f2 to 0x000001fb77bfacd4
Event: 4.582 Thread 0x000001fb6cc26b70 Exception <a 'java/lang/NoSuchMethodError'{0x00000000c4e67de0}: 'java.lang.Object java.lang.invoke.DirectMethodHandle$Holder.invokeVirtual(java.lang.Object, java.lang.Object, java.lang.Object)'> (0x00000000c4e67de0) 
thrown [s\src\hotspot\share\interpreter\linkResolver.cpp, line 771]
Event: 5.465 Thread 0x000001fb6cc26b70 Exception <a 'java/lang/NoSuchMethodError'{0x00000000c49bfe40}: 'java.lang.Object java.lang.invoke.DirectMethodHandle$Holder.newInvokeSpecial(java.lang.Object, java.lang.Object, int)'> (0x00000000c49bfe40) 
thrown [s\src\hotspot\share\interpreter\linkResolver.cpp, line 771]
Event: 5.641 Thread 0x000001fb6cc26b70 Exception <a 'java/lang/NoSuchMethodError'{0x00000000c458d2b0}: 'java.lang.Object java.lang.invoke.DirectMethodHandle$Holder.newInvokeSpecial(java.lang.Object, java.lang.Object, java.lang.Object, int)'> (0x00000000c458d2b0) 
thrown [s\src\hotspot\share\interpreter\linkResolver.cpp, line 771]
Event: 5.642 Thread 0x000001fb6cc26b70 Exception <a 'java/lang/NoSuchMethodError'{0x00000000c4591938}: 'java.lang.Object java.lang.invoke.DirectMethodHandle$Holder.invokeSpecial(java.lang.Object, java.lang.Object, java.lang.Object, java.lang.Object, int)'> (0x00000000c4591938) 
thrown [s\src\hotspot\share\interpreter\linkResolver.cpp, line 771]
Event: 5.642 Thread 0x000001fb6cc26b70 Exception <a 'java/lang/NoSuchMethodError'{0x00000000c45957a8}: 'java.lang.Object java.lang.invoke.Invokers$Holder.linkToTargetMethod(java.lang.Object, java.lang.Object, int, java.lang.Object)'> (0x00000000c45957a8) 
thrown [s\src\hotspot\share\interpreter\linkResolver.cpp, line 771]
Event: 6.800 Thread 0x000001fb6cc26b70 Exception <a 'java/lang/NoSuchMethodError'{0x00000000c668dcf0}: 'java.lang.Object java.lang.invoke.DirectMethodHandle$Holder.newInvokeSpecial(java.lang.Object, java.lang.Object, java.lang.Object, java.lang.Object, java.lang.Object, java.lang.Object)'> (0x00000000c668dcf0) 
thrown [s\src\hotspot\share\interpreter\linkResolver.cpp, line 771]
Event: 6.806 Thread 0x000001fb6cc26b70 Implicit null exception at 0x000001fb77d1fd8a to 0x000001fb77d1ffe8

VM Operations (20 events):
Event: 5.618 Executing VM operation: HandshakeAllThreads
Event: 5.618 Executing VM operation: HandshakeAllThreads done
Event: 5.661 Executing VM operation: HandshakeAllThreads
Event: 5.661 Executing VM operation: HandshakeAllThreads done
Event: 5.788 Executing VM operation: HandshakeAllThreads
Event: 5.788 Executing VM operation: HandshakeAllThreads done
Event: 5.823 Executing VM operation: G1CollectForAllocation
Event: 5.829 Executing VM operation: G1CollectForAllocation done
Event: 5.853 Executing VM operation: HandshakeAllThreads
Event: 5.853 Executing VM operation: HandshakeAllThreads done
Event: 5.930 Executing VM operation: HandshakeAllThreads
Event: 5.930 Executing VM operation: HandshakeAllThreads done
Event: 6.110 Executing VM operation: HandshakeAllThreads
Event: 6.110 Executing VM operation: HandshakeAllThreads done
Event: 6.288 Executing VM operation: ICBufferFull
Event: 6.289 Executing VM operation: ICBufferFull done
Event: 6.339 Executing VM operation: G1CollectForAllocation
Event: 6.350 Executing VM operation: G1CollectForAllocation done
Event: 6.765 Executing VM operation: ICBufferFull
Event: 6.765 Executing VM operation: ICBufferFull done

Events (20 events):
Event: 5.978 loading class java/util/stream/IntPipeline$Head
Event: 5.978 loading class java/util/stream/IntPipeline
Event: 5.978 loading class java/util/stream/IntPipeline done
Event: 5.978 loading class java/util/stream/IntPipeline$Head done
Event: 5.979 loading class java/util/stream/IntPipeline$1
Event: 5.979 loading class java/util/stream/IntPipeline$1 done
Event: 5.979 loading class java/util/stream/ReferencePipeline$2
Event: 5.979 loading class java/util/stream/ReferencePipeline$2 done
Event: 5.981 loading class java/util/stream/ReferencePipeline$2$1
Event: 5.981 loading class java/util/stream/ReferencePipeline$2$1 done
Event: 5.981 loading class java/util/stream/IntPipeline$1$1
Event: 5.981 loading class java/util/stream/Sink$ChainedInt
Event: 5.981 loading class java/util/stream/Sink$OfInt
Event: 5.982 loading class java/util/function/IntConsumer
Event: 5.982 loading class java/util/function/IntConsumer done
Event: 5.982 loading class java/util/stream/Sink$OfInt done
Event: 5.982 loading class java/util/stream/Sink$ChainedInt done
Event: 5.982 loading class java/util/stream/IntPipeline$1$1 done
Event: 6.522 loading class java/util/Collections$SingletonMap
Event: 6.522 loading class java/util/Collections$SingletonMap done


Dynamic libraries:
0x00007ff670570000 - 0x00007ff67057a000 	C:\Program Files\Android\Android Studio\jbr\bin\java.exe
0x00007ff8e0a70000 - 0x00007ff8e0c65000 	C:\Windows\SYSTEM32\ntdll.dll
0x00007ff8df9d0000 - 0x00007ff8dfa8d000 	C:\Windows\System32\KERNEL32.DLL
0x00007ff8de350000 - 0x00007ff8de619000 	C:\Windows\System32\KERNELBASE.dll
0x00007ff8de250000 - 0x00007ff8de350000 	C:\Windows\System32\ucrtbase.dll
0x00007ff8d0320000 - 0x00007ff8d033b000 	C:\Program Files\Android\Android Studio\jbr\bin\VCRUNTIME140.dll
0x00007ff8d7bc0000 - 0x00007ff8d7bd7000 	C:\Program Files\Android\Android Studio\jbr\bin\jli.dll
0x00007ff8deeb0000 - 0x00007ff8df050000 	C:\Windows\System32\USER32.dll
0x00007ff8cc710000 - 0x00007ff8cc9aa000 	C:\Windows\WinSxS\amd64_microsoft.windows.common-controls_6595b64144ccf1df_6.0.19041.1052_none_60b8f8fd71f5e8cb\COMCTL32.dll
0x00007ff8dea80000 - 0x00007ff8deaa2000 	C:\Windows\System32\win32u.dll
0x00007ff8e0990000 - 0x00007ff8e0a2e000 	C:\Windows\System32\msvcrt.dll
0x00007ff8dffc0000 - 0x00007ff8dffea000 	C:\Windows\System32\GDI32.dll
0x00007ff8de6b0000 - 0x00007ff8de7bb000 	C:\Windows\System32\gdi32full.dll
0x00007ff8de1b0000 - 0x00007ff8de24d000 	C:\Windows\System32\msvcp_win.dll
0x00007ff8dee70000 - 0x00007ff8deea0000 	C:\Windows\System32\IMM32.DLL
0x00007ff8d8c50000 - 0x00007ff8d8c5c000 	C:\Program Files\Android\Android Studio\jbr\bin\vcruntime140_1.dll
0x00007ff8cb2f0000 - 0x00007ff8cb37d000 	C:\Program Files\Android\Android Studio\jbr\bin\msvcp140.dll
0x00007ff8b1f50000 - 0x00007ff8b2bd3000 	C:\Program Files\Android\Android Studio\jbr\bin\server\jvm.dll
0x00007ff8dfdb0000 - 0x00007ff8dfe5c000 	C:\Windows\System32\ADVAPI32.dll
0x00007ff8dfc40000 - 0x00007ff8dfcdb000 	C:\Windows\System32\sechost.dll
0x00007ff8df8a0000 - 0x00007ff8df9ca000 	C:\Windows\System32\RPCRT4.dll
0x00007ff8dd790000 - 0x00007ff8dd7db000 	C:\Windows\SYSTEM32\POWRPROF.dll
0x00007ff8cd620000 - 0x00007ff8cd647000 	C:\Windows\SYSTEM32\WINMM.dll
0x00007ff8d90b0000 - 0x00007ff8d90b9000 	C:\Windows\SYSTEM32\WSOCK32.dll
0x00007ff8dff50000 - 0x00007ff8dffbb000 	C:\Windows\System32\WS2_32.dll
0x00007ff8d2580000 - 0x00007ff8d258a000 	C:\Windows\SYSTEM32\VERSION.dll
0x00007ff8dd600000 - 0x00007ff8dd612000 	C:\Windows\SYSTEM32\UMPDC.dll
0x00007ff8dca70000 - 0x00007ff8dca82000 	C:\Windows\SYSTEM32\kernel.appcore.dll
0x00007ff8db640000 - 0x00007ff8db64a000 	C:\Program Files\Android\Android Studio\jbr\bin\jimage.dll
0x00007ff8cdc30000 - 0x00007ff8cde14000 	C:\Windows\SYSTEM32\DBGHELP.DLL
0x00007ff8ce4d0000 - 0x00007ff8ce4fc000 	C:\Windows\SYSTEM32\dbgcore.DLL
0x00007ff8de620000 - 0x00007ff8de6a3000 	C:\Windows\System32\bcryptPrimitives.dll
0x00007ff8d8e40000 - 0x00007ff8d8e65000 	C:\Program Files\Android\Android Studio\jbr\bin\java.dll
0x00007ff8db620000 - 0x00007ff8db638000 	C:\Program Files\Android\Android Studio\jbr\bin\zip.dll
0x00007ff8df050000 - 0x00007ff8df78f000 	C:\Windows\System32\SHELL32.dll
0x00007ff8dc1a0000 - 0x00007ff8dc931000 	C:\Windows\SYSTEM32\windows.storage.dll
0x00007ff8e0510000 - 0x00007ff8e0865000 	C:\Windows\System32\combase.dll
0x00007ff8ddc20000 - 0x00007ff8ddc4c000 	C:\Windows\SYSTEM32\Wldp.dll
0x00007ff8df7f0000 - 0x00007ff8df89e000 	C:\Windows\System32\SHCORE.dll
0x00007ff8dfd50000 - 0x00007ff8dfda5000 	C:\Windows\System32\shlwapi.dll
0x00007ff8de0f0000 - 0x00007ff8de10f000 	C:\Windows\SYSTEM32\profapi.dll
0x00007ff8d8c00000 - 0x00007ff8d8c19000 	C:\Program Files\Android\Android Studio\jbr\bin\net.dll
0x00007ff8d29d0000 - 0x00007ff8d2ada000 	C:\Windows\SYSTEM32\WINHTTP.dll
0x00007ff8dd980000 - 0x00007ff8dd9ea000 	C:\Windows\system32\mswsock.dll
0x00007ff8d8b50000 - 0x00007ff8d8b66000 	C:\Program Files\Android\Android Studio\jbr\bin\nio.dll
0x00007ff8d8b40000 - 0x00007ff8d8b50000 	C:\Program Files\Android\Android Studio\jbr\bin\verify.dll

dbghelp: loaded successfully - version: 4.0.5 - missing functions: none
symbol engine: initialized successfully - sym options: 0x614 - pdb path: .;C:\Program Files\Android\Android Studio\jbr\bin;C:\Windows\SYSTEM32;C:\Windows\WinSxS\amd64_microsoft.windows.common-controls_6595b64144ccf1df_6.0.19041.1052_none_60b8f8fd71f5e8cb;C:\Program Files\Android\Android Studio\jbr\bin\server

VM Arguments:
java_command: org.jetbrains.kotlin.cli.jvm.K2JVMCompiler @C:\Users\MacBook Air\AndroidStudioProjects\VideoPlayerApplication\app\build\20240411_10537966680551306524.compiler.options
java_class_path (initial): C:\Users\MacBook Air\.gradle\caches\modules-2\files-2.1\org.jetbrains.kotlin\kotlin-compiler-embeddable\1.9.0\2c8c3a7402becca891f12739b3e9fd2dc2adbd7a\kotlin-compiler-embeddable-1.9.0.jar;C:\Users\MacBook Air\.gradle\caches\modules-2\files-2.1\org.jetbrains.kotlin\kotlin-stdlib\1.9.0\8ee15ef0c67dc83d874f412d84378d7f0eb50b63\kotlin-stdlib-1.9.0.jar;C:\Users\MacBook Air\.gradle\caches\modules-2\files-2.1\org.jetbrains.kotlin\kotlin-script-runtime\1.9.0\4b3102cbbb7e1b58d9d1adf89563f00069ffa7d1\kotlin-script-runtime-1.9.0.jar;C:\Users\MacBook Air\.gradle\caches\modules-2\files-2.1\org.jetbrains.kotlin\kotlin-reflect\1.6.10\1cbe9c92c12a94eea200d23c2bbaedaf3daf5132\kotlin-reflect-1.6.10.jar;C:\Users\MacBook Air\.gradle\caches\modules-2\files-2.1\org.jetbrains.kotlin\kotlin-daemon-embeddable\1.9.0\186543f5e28cf8d9a0290fecc2cf34301c40a65c\kotlin-daemon-embeddable-1.9.0.jar;C:\Users\MacBook Air\.gradle\caches\modules-2\files-2.1\org.jetbrains.intellij.deps\trove4j\1.0.20200330\3afb14d5f9ceb459d724e907a21145e8ff394f02\trove4j-1.0.20200330.jar;C:\Users\MacBook Air\.gradle\caches\modules-2\files-2.1\org.jetbrains.kotlin\kotlin-stdlib-common\1.9.0\cd65c21cfd1eec4d44ef09f9f52b6d9f8a720636\kotlin-stdlib-common-1.9.0.jar;C:\Users\MacBook Air\.gradle\caches\modules-2\files-2.1\org.jetbrains\annotations\13.0\919f0dfe192fb4e063e7dacadee7f8bb9a2672a9\annotations-13.0.jar
Launcher Type: SUN_STANDARD

[Global flags]
     intx CICompilerCount                          = 3                                         {product} {ergonomic}
     uint ConcGCThreads                            = 1                                         {product} {ergonomic}
     uint G1ConcRefinementThreads                  = 4                                         {product} {ergonomic}
   size_t G1HeapRegionSize                         = 1048576                                   {product} {ergonomic}
    uintx GCDrainStackTargetSize                   = 64                                        {product} {ergonomic}
   size_t InitialHeapSize                          = 67108864                                  {product} {ergonomic}
   size_t MarkStackSize                            = 4194304                                   {product} {ergonomic}
   size_t MaxHeapSize                              = 1048576000                                {product} {ergonomic}
   size_t MaxNewSize                               = 629145600                                 {product} {ergonomic}
   size_t MinHeapDeltaBytes                        = 1048576                                   {product} {ergonomic}
   size_t MinHeapSize                              = 8388608                                   {product} {ergonomic}
    uintx NonNMethodCodeHeapSize                   = 5832780                                {pd product} {ergonomic}
    uintx NonProfiledCodeHeapSize                  = 122912730                              {pd product} {ergonomic}
    uintx ProfiledCodeHeapSize                     = 122912730                              {pd product} {ergonomic}
    uintx ReservedCodeCacheSize                    = 251658240                              {pd product} {ergonomic}
     bool SegmentedCodeCache                       = true                                      {product} {ergonomic}
   size_t SoftMaxHeapSize                          = 1048576000                             {manageable} {ergonomic}
     bool UseCompressedClassPointers               = true                           {product lp64_product} {ergonomic}
     bool UseCompressedOops                        = true                           {product lp64_product} {ergonomic}
     bool UseG1GC                                  = true                                      {product} {ergonomic}
     bool UseLargePagesIndividualAllocation        = false                                  {pd product} {ergonomic}

Logging:
Log output configuration:
 #0: stdout all=warning uptime,level,tags
 #1: stderr all=off uptime,level,tags

Environment Variables:
PATH=C:\Program Files (x86)\Intel\iCLS Client\;C:\Program Files\Intel\iCLS Client\;C:\Windows\system32;C:\Windows;C:\Windows\System32\Wbem;C:\Windows\System32\WindowsPowerShell\v1.0\;C:\Windows\System32\OpenSSH\;C:\Program Files (x86)\IDEMIA\AWP\Dlls;C:\Program Files\IDEMIA\AWP\Dlls;C:\Program Files (x86)\Windows Kits\10\Windows Performance Toolkit\;C:\Users\MacBook Air\AppData\Local\Packages\PythonSoftwareFoundation.Python.3.11_qbz5n2kfra8p0\LocalCache\local-packages\Python311\Scripts;C:\Users\MacBook Air\Downloads\Else\Git\cmd;C:\Program Files (x86)\Intel\iCLS Client\;C:\Program Files\Intel\iCLS Client\;C:\Windows\system32;C:\Windows;C:\Windows\System32\Wbem;C:\Windows\System32\WindowsPowerShell\v1.0\;C:\Windows\System32\OpenSSH\;C:\Program Files (x86)\IDEMIA\AWP\Dlls;C:\Program Files\IDEMIA\AWP\Dlls;C:\Program Files (x86)\Windows Kits\10\Windows Performance Toolkit\;C:\Users\MacBook Air\AppData\Local\Microsoft\WindowsApps;;C:\Users\MacBook Air\AppData\Local\Programs\Microsoft VS Code\bin;c:\temp;C:\Users\MacBook Air\Downloads\Else\PyCharm Community Edition 2023.2.5\bin;
USERNAME=MacBook Air
OS=Windows_NT
PROCESSOR_IDENTIFIER=Intel64 Family 6 Model 61 Stepping 4, GenuineIntel
TMP=C:\Users\MACBOO~1\AppData\Local\Temp
TEMP=C:\Users\MACBOO~1\AppData\Local\Temp



Periodic native trim disabled

JNI global refs:
JNI global refs: 9, weak refs: 16

JNI global refs memory usage: 843, weak refs: 841

OOME stack traces (most recent first):
Classloader memory used:
Loader jdk.internal.loader.ClassLoaders$AppClassLoader                                 : 5126K
Loader bootstrap                                                                       : 1292K
Loader java.net.URLClassLoader                                                         : 27529B
Loader jdk.internal.reflect.DelegatingClassLoader                                      : 9551B


---------------  S Y S T E M  ---------------

OS:
 Windows 10 , 64 bit Build 19041 (10.0.19041.1023)
OS uptime: 5 days 2:43 hours

CPU: total 4 (initial active 4) (2 cores per cpu, 2 threads per core) family 6 model 61 stepping 4 microcode 0x2d, cx8, cmov, fxsr, ht, mmx, 3dnowpref, sse, sse2, sse3, ssse3, sse4.1, sse4.2, popcnt, lzcnt, tsc, tscinvbit, avx, avx2, aes, erms, clmul, bmi1, bmi2, adx, fma, vzeroupper, clflush
Processor Information for all 4 processors :
  Max Mhz: 1601, Current Mhz: 1601, Mhz Limit: 1601

Memory: 4k page, system-wide physical 3998M (274M free)
TotalPageFile size 16286M (AvailPageFile size 7M)
current process WorkingSet (physical memory assigned to process): 230M, peak: 230M
current process commit charge ("private bytes"): 276M, peak: 278M

vm_info: OpenJDK 64-Bit Server VM (17.0.9+0--11185874) for windows-amd64 JRE (17.0.9+0--11185874), built on Dec  6 2023 18:57:44 by "androidbuild" with MS VC++ 16.10 / 16.11 (VS2019)

END.
